{"meta": {"format": 3, "version": "7.15.0", "timestamp": "2026-07-05T21:18:53.730945", "branch_coverage": false, "show_contexts": false}, "files": {"app.py": {"executed_lines": [6, 7, 8, 9, 10, 11, 12, 13, 14, 21, 23, 27, 33, 35, 40, 45, 46, 47, 48, 49, 51, 52, 53, 61, 68, 73, 81, 82, 95, 96, 98, 103, 108, 110, 114, 118, 122, 123, 125, 126, 135, 136, 137, 139, 140, 141, 142, 143, 144, 145, 146, 147, 148, 149, 153, 156, 160, 163, 166, 176, 177, 179, 180, 186, 189, 190, 192, 193, 194, 196, 197, 210, 211, 213, 214, 217, 218, 229, 230, 232, 233, 234, 235, 237, 240, 241, 242, 243, 246, 250, 251, 253, 254, 255, 257, 258, 261, 262, 263, 271, 272, 281, 287, 290, 291, 295, 300, 342, 349, 350, 351, 352, 373, 374, 375, 379, 380, 383], "summary": {"covered_lines": 118, "num_statements": 164, "percent_covered": 71.95121951219512, "percent_covered_display": "72", "missing_lines": 46, "excluded_lines": 0, "percent_statements_covered": 71.95121951219512, "percent_statements_covered_display": "72"}, "missing_lines": [62, 63, 64, 65, 83, 84, 99, 100, 101, 104, 150, 151, 157, 167, 168, 169, 173, 181, 183, 198, 199, 200, 205, 302, 303, 304, 305, 306, 307, 309, 311, 312, 313, 322, 331, 332, 333, 334, 336, 337, 338, 339, 385, 386, 387, 388], "excluded_lines": [], "functions": {"_cleanup_on_exit": {"executed_lines": [], "summary": {"covered_lines": 0, "num_statements": 4, "percent_covered": 0.0, "percent_covered_display": "0", "missing_lines": 4, "excluded_lines": 0, "percent_statements_covered": 0.0, "percent_statements_covered_display": "0"}, "missing_lines": [62, 63, 64, 65], "excluded_lines": [], "start_line": 61}, "inject_static_url": {"executed_lines": [135, 136, 137, 139, 153], "summary": {"covered_lines": 5, "num_statements": 5, "percent_covered": 100.0, "percent_covered_display": "100", "missing_lines": 0, "excluded_lines": 0, "percent_statements_covered": 100.0, "percent_statements_covered_display": "100"}, "missing_lines": [], "excluded_lines": [], "start_line": 126}, "inject_static_url.static_url": {"executed_lines": [140, 141, 142, 143, 144, 145, 146, 147, 148, 149], "summary": {"covered_lines": 10, "num_statements": 12, "percent_covered": 83.33333333333333, "percent_covered_display": "83", "missing_lines": 2, "excluded_lines": 0, "percent_statements_covered": 83.33333333333333, "percent_statements_covered_display": "83"}, "missing_lines": [150, 151], "excluded_lines": [], "start_line": 139}, "_handle_shutdown_signal": {"executed_lines": [], "summary": {"covered_lines": 0, "num_statements": 4, "percent_covered": 0.0, "percent_covered_display": "0", "missing_lines": 4, "excluded_lines": 0, "percent_statements_covered": 0.0, "percent_statements_covered_display": "0"}, "missing_lines": [167, 168, 169, 173], "excluded_lines": [], "start_line": 166}, "_enforce_sec_fetch_site_check": {"executed_lines": [192, 193, 194, 196, 197], "summary": {"covered_lines": 5, "num_statements": 9, "percent_covered": 55.55555555555556, "percent_covered_display": "56", "missing_lines": 4, "excluded_lines": 0, "percent_statements_covered": 55.55555555555556, "percent_statements_covered_display": "56"}, "missing_lines": [198, 199, 200, 205], "excluded_lines": [], "start_line": 190}, "_log_request_start": {"executed_lines": [213, 214, 217, 218], "summary": {"covered_lines": 4, "num_statements": 4, "percent_covered": 100.0, "percent_covered_display": "100", "missing_lines": 0, "excluded_lines": 0, "percent_statements_covered": 100.0, "percent_statements_covered_display": "100"}, "missing_lines": [], "excluded_lines": [], "start_line": 211}, "add_extension_cors_headers": {"executed_lines": [232, 233, 234, 235, 237, 240, 241, 242, 243, 246, 250, 251, 253, 254, 255, 257, 258, 261, 262, 263, 271, 272, 281], "summary": {"covered_lines": 23, "num_statements": 23, "percent_covered": 100.0, "percent_covered_display": "100", "missing_lines": 0, "excluded_lines": 0, "percent_statements_covered": 100.0, "percent_statements_covered_display": "100"}, "missing_lines": [], "excluded_lines": [], "start_line": 230}, "schedule_news_warmup": {"executed_lines": [], "summary": {"covered_lines": 0, "num_statements": 12, "percent_covered": 0.0, "percent_covered_display": "0", "missing_lines": 12, "excluded_lines": 0, "percent_statements_covered": 0.0, "percent_statements_covered_display": "0"}, "missing_lines": [302, 303, 304, 305, 306, 307, 309, 311, 336, 337, 338, 339], "excluded_lines": [], "start_line": 300}, "schedule_news_warmup._job": {"executed_lines": [], "summary": {"covered_lines": 0, "num_statements": 7, "percent_covered": 0.0, "percent_covered_display": "0", "missing_lines": 7, "excluded_lines": 0, "percent_statements_covered": 0.0, "percent_statements_covered_display": "0"}, "missing_lines": [312, 313, 322, 331, 332, 333, 334], "excluded_lines": [], "start_line": 311}, "": {"executed_lines": [6, 7, 8, 9, 10, 11, 12, 13, 14, 21, 23, 27, 33, 35, 40, 45, 46, 47, 48, 49, 51, 52, 53, 61, 68, 73, 81, 82, 95, 96, 98, 103, 108, 110, 114, 118, 122, 123, 125, 126, 156, 160, 163, 166, 176, 177, 179, 180, 186, 189, 190, 210, 211, 229, 230, 287, 290, 291, 295, 300, 342, 349, 350, 351, 352, 373, 374, 375, 379, 380, 383], "summary": {"covered_lines": 71, "num_statements": 84, "percent_covered": 84.52380952380952, "percent_covered_display": "85", "missing_lines": 13, "excluded_lines": 0, "percent_statements_covered": 84.52380952380952, "percent_statements_covered_display": "85"}, "missing_lines": [83, 84, 99, 100, 101, 104, 157, 181, 183, 385, 386, 387, 388], "excluded_lines": [], "start_line": 1}}, "classes": {"": {"executed_lines": [6, 7, 8, 9, 10, 11, 12, 13, 14, 21, 23, 27, 33, 35, 40, 45, 46, 47, 48, 49, 51, 52, 53, 61, 68, 73, 81, 82, 95, 96, 98, 103, 108, 110, 114, 118, 122, 123, 125, 126, 135, 136, 137, 139, 140, 141, 142, 143, 144, 145, 146, 147, 148, 149, 153, 156, 160, 163, 166, 176, 177, 179, 180, 186, 189, 190, 192, 193, 194, 196, 197, 210, 211, 213, 214, 217, 218, 229, 230, 232, 233, 234, 235, 237, 240, 241, 242, 243, 246, 250, 251, 253, 254, 255, 257, 258, 261, 262, 263, 271, 272, 281, 287, 290, 291, 295, 300, 342, 349, 350, 351, 352, 373, 374, 375, 379, 380, 383], "summary": {"covered_lines": 118, "num_statements": 164, "percent_covered": 71.95121951219512, "percent_covered_display": "72", "missing_lines": 46, "excluded_lines": 0, "percent_statements_covered": 71.95121951219512, "percent_statements_covered_display": "72"}, "missing_lines": [62, 63, 64, 65, 83, 84, 99, 100, 101, 104, 150, 151, 157, 167, 168, 169, 173, 181, 183, 198, 199, 200, 205, 302, 303, 304, 305, 306, 307, 309, 311, 312, 313, 322, 331, 332, 333, 334, 336, 337, 338, 339, 385, 386, 387, 388], "excluded_lines": [], "start_line": 1}}}, "app_bg.py": {"executed_lines": [4, 5, 6, 7, 8, 9, 11, 12, 14, 23, 24, 25, 34, 36, 39, 69, 126, 171, 175, 178, 179, 181, 182, 183, 184, 195, 196, 199, 270, 272, 274, 275, 280, 281, 282, 283, 284, 395, 403, 406, 407, 408, 409, 411, 414, 415, 419, 420, 422, 423, 427, 428, 430, 433, 436, 437, 439, 440, 441, 442, 445, 447, 465, 466, 467, 470, 474, 475, 476, 484, 485, 493, 497, 508, 510, 511, 513, 516, 518, 523, 525, 526, 529, 531, 532, 533, 538, 539, 542, 543, 546, 548, 568, 569, 570, 575, 576, 577, 579, 580, 582, 587, 604, 605, 606, 609, 611, 612, 613, 614, 618, 619, 620, 622, 623, 624, 625, 626, 627, 628, 630, 642, 643, 644, 645, 647, 648, 652, 653, 660, 662, 663, 666, 671, 673, 674, 686, 688, 689, 690, 691, 692, 694, 695, 698, 700, 701, 702, 710, 716, 718, 719, 720, 721, 722, 723, 724, 725, 726, 727, 728, 730, 731, 732, 733, 743, 757, 759, 760, 762, 763, 765, 766, 768, 769, 771, 772, 777, 783, 784, 786, 787, 788, 789, 790, 792, 793, 794, 796, 797, 798, 800, 801, 802, 803, 804, 810, 813, 818, 819, 820, 823, 824, 825, 826, 829, 833, 834, 835, 836, 837, 838, 839, 840, 841, 843, 845, 847, 848, 849, 851, 852, 853, 854, 855, 856, 857, 866, 867, 869, 870, 871, 872, 874, 875, 876, 878, 879, 882, 883, 886, 889, 893, 903, 904, 905, 907, 908, 909, 910, 922, 931, 932, 933, 934, 939, 940, 941, 945, 946, 947, 949, 950, 951, 954, 955, 956, 957, 959, 960, 961, 962, 963, 964, 965, 966, 967, 972, 974, 975, 978, 980, 981, 982, 983, 986, 990, 991, 993, 995, 996, 997, 999, 1005, 1006, 1011, 1012, 1015, 1039], "summary": {"covered_lines": 299, "num_statements": 591, "percent_covered": 50.592216582064296, "percent_covered_display": "51", "missing_lines": 292, "excluded_lines": 0, "percent_statements_covered": 50.592216582064296, "percent_statements_covered_display": "51"}, "missing_lines": [41, 42, 44, 45, 47, 52, 53, 55, 56, 57, 62, 63, 65, 66, 76, 77, 78, 79, 81, 82, 83, 84, 85, 86, 87, 88, 89, 90, 92, 93, 94, 95, 96, 100, 101, 105, 107, 110, 112, 113, 116, 117, 118, 119, 120, 121, 122, 123, 128, 129, 130, 131, 132, 134, 135, 136, 137, 138, 140, 141, 142, 143, 145, 146, 151, 152, 153, 157, 158, 159, 161, 162, 163, 165, 166, 167, 168, 176, 185, 186, 187, 192, 193, 201, 202, 203, 205, 206, 207, 208, 209, 212, 213, 216, 217, 219, 220, 222, 224, 225, 227, 228, 229, 231, 232, 233, 235, 241, 242, 245, 247, 252, 253, 254, 255, 256, 257, 258, 259, 261, 262, 263, 264, 266, 267, 276, 277, 278, 285, 286, 287, 288, 290, 291, 292, 293, 295, 296, 298, 299, 300, 303, 304, 305, 307, 317, 318, 319, 325, 327, 335, 336, 337, 338, 339, 340, 341, 342, 343, 344, 345, 346, 347, 348, 349, 350, 359, 360, 362, 364, 369, 370, 373, 375, 376, 380, 392, 404, 412, 416, 417, 424, 431, 438, 514, 527, 536, 578, 588, 589, 590, 591, 592, 593, 594, 595, 601, 602, 615, 616, 665, 667, 668, 676, 677, 678, 679, 680, 681, 682, 683, 696, 697, 703, 704, 705, 706, 707, 734, 735, 736, 740, 741, 742, 744, 745, 746, 750, 753, 754, 805, 807, 808, 809, 811, 821, 858, 859, 860, 861, 862, 863, 865, 868, 906, 942, 943, 968, 969, 976, 977, 1000, 1003, 1007, 1008, 1009, 1017, 1019, 1020, 1021, 1022, 1023, 1026, 1027, 1028, 1029, 1030, 1031, 1033, 1034, 1035, 1036, 1042, 1043, 1044, 1045, 1046, 1047, 1048, 1049, 1050, 1051, 1052, 1057, 1058, 1059, 1067, 1069, 1072, 1075, 1076, 1077], "excluded_lines": [], "functions": {"_handle_yfinance_error": {"executed_lines": [], "summary": {"covered_lines": 0, "num_statements": 14, "percent_covered": 0.0, "percent_covered_display": "0", "missing_lines": 14, "excluded_lines": 0, "percent_statements_covered": 0.0, "percent_statements_covered_display": "0"}, "missing_lines": [41, 42, 44, 45, 47, 52, 53, 55, 56, 57, 62, 63, 65, 66], "excluded_lines": [], "start_line": 39}, "fetch_stock": {"executed_lines": [], "summary": {"covered_lines": 0, "num_statements": 34, "percent_covered": 0.0, "percent_covered_display": "0", "missing_lines": 34, "excluded_lines": 0, "percent_statements_covered": 0.0, "percent_statements_covered_display": "0"}, "missing_lines": [76, 77, 78, 79, 81, 82, 83, 84, 85, 86, 87, 88, 89, 90, 92, 93, 94, 95, 96, 100, 101, 105, 107, 110, 112, 113, 116, 117, 118, 119, 120, 121, 122, 123], "excluded_lines": [], "start_line": 69}, "extract_batch_history": {"executed_lines": [], "summary": {"covered_lines": 0, "num_statements": 29, "percent_covered": 0.0, "percent_covered_display": "0", "missing_lines": 29, "excluded_lines": 0, "percent_statements_covered": 0.0, "percent_statements_covered_display": "0"}, "missing_lines": [128, 129, 130, 131, 132, 134, 135, 136, 137, 138, 140, 141, 142, 143, 145, 146, 151, 152, 153, 157, 158, 159, 161, 162, 163, 165, 166, 167, 168], "excluded_lines": [], "start_line": 126}, "fetch_stocks_batch": {"executed_lines": [175, 178, 179, 181, 182, 183, 184, 195, 196, 199], "summary": {"covered_lines": 10, "num_statements": 58, "percent_covered": 17.24137931034483, "percent_covered_display": "17", "missing_lines": 48, "excluded_lines": 0, "percent_statements_covered": 17.24137931034483, "percent_statements_covered_display": "17"}, "missing_lines": [176, 185, 186, 187, 192, 193, 201, 202, 203, 205, 206, 207, 208, 209, 212, 213, 216, 217, 219, 220, 222, 224, 225, 227, 228, 229, 231, 232, 233, 235, 241, 242, 245, 247, 252, 253, 254, 255, 256, 257, 258, 259, 261, 262, 263, 264, 266, 267], "excluded_lines": [], "start_line": 171}, "fetch_index_data": {"executed_lines": [272, 274, 275, 280, 281, 282, 283, 284], "summary": {"covered_lines": 8, "num_statements": 60, "percent_covered": 13.333333333333334, "percent_covered_display": "13", "missing_lines": 52, "excluded_lines": 0, "percent_statements_covered": 13.333333333333334, "percent_statements_covered_display": "13"}, "missing_lines": [276, 277, 278, 285, 286, 287, 288, 290, 291, 292, 293, 295, 296, 298, 299, 300, 303, 304, 305, 307, 317, 318, 319, 325, 327, 335, 336, 337, 338, 339, 340, 341, 342, 343, 344, 345, 346, 347, 348, 349, 350, 359, 360, 362, 364, 369, 370, 373, 375, 376, 380, 392], "excluded_lines": [], "start_line": 270}, "interpolate_value": {"executed_lines": [403, 406, 407, 408, 409, 411, 414, 415, 419, 420, 422, 423, 427, 428, 430, 433], "summary": {"covered_lines": 16, "num_statements": 22, "percent_covered": 72.72727272727273, "percent_covered_display": "73", "missing_lines": 6, "excluded_lines": 0, "percent_statements_covered": 72.72727272727273, "percent_statements_covered_display": "73"}, "missing_lines": [404, 412, 416, 417, 424, 431], "excluded_lines": [], "start_line": 395}, "_round_if_numeric": {"executed_lines": [437, 439, 440, 441, 442], "summary": {"covered_lines": 5, "num_statements": 6, "percent_covered": 83.33333333333333, "percent_covered_display": "83", "missing_lines": 1, "excluded_lines": 0, "percent_statements_covered": 83.33333333333333, "percent_statements_covered_display": "83"}, "missing_lines": [438], "excluded_lines": [], "start_line": 436}, "_update_c_item_static_fields": {"executed_lines": [447, 465, 466, 467], "summary": {"covered_lines": 4, "num_statements": 4, "percent_covered": 100.0, "percent_covered_display": "100", "missing_lines": 0, "excluded_lines": 0, "percent_statements_covered": 100.0, "percent_statements_covered_display": "100"}, "missing_lines": [], "excluded_lines": [], "start_line": 445}, "_interpolate_dynamic_fields": {"executed_lines": [474, 475, 476, 484, 485, 493, 497], "summary": {"covered_lines": 7, "num_statements": 7, "percent_covered": 100.0, "percent_covered_display": "100", "missing_lines": 0, "excluded_lines": 0, "percent_statements_covered": 100.0, "percent_statements_covered_display": "100"}, "missing_lines": [], "excluded_lines": [], "start_line": 470}, "clone_structure_for_current": {"executed_lines": [510, 511, 513, 516, 518, 523, 525, 526, 529, 531, 532, 533, 538, 539, 542, 543], "summary": {"covered_lines": 16, "num_statements": 19, "percent_covered": 84.21052631578948, "percent_covered_display": "84", "missing_lines": 3, "excluded_lines": 0, "percent_statements_covered": 84.21052631578948, "percent_statements_covered_display": "84"}, "missing_lines": [514, 527, 536], "excluded_lines": [], "start_line": 508}, "_build_sse_light_stocks_payload": {"executed_lines": [548, 568, 569, 570, 575, 576, 577, 579, 580, 582, 587, 604, 605, 606], "summary": {"covered_lines": 14, "num_statements": 25, "percent_covered": 56.0, "percent_covered_display": "56", "missing_lines": 11, "excluded_lines": 0, "percent_statements_covered": 56.0, "percent_statements_covered_display": "56"}, "missing_lines": [578, 588, 589, 590, 591, 592, 593, 594, 595, 601, 602], "excluded_lines": [], "start_line": 546}, "bg_interpolate_loop": {"executed_lines": [611, 612, 613, 614, 618, 619, 620, 622, 623, 624, 625, 626, 627, 628, 630, 642, 643, 644, 645, 647, 648, 652, 653, 660, 662, 663, 666], "summary": {"covered_lines": 27, "num_statements": 32, "percent_covered": 84.375, "percent_covered_display": "84", "missing_lines": 5, "excluded_lines": 0, "percent_statements_covered": 84.375, "percent_statements_covered_display": "84"}, "missing_lines": [615, 616, 665, 667, 668], "excluded_lines": [], "start_line": 609}, "_run_scheduled_sync_job": {"executed_lines": [673, 674], "summary": {"covered_lines": 2, "num_statements": 10, "percent_covered": 20.0, "percent_covered_display": "20", "missing_lines": 8, "excluded_lines": 0, "percent_statements_covered": 20.0, "percent_statements_covered_display": "20"}, "missing_lines": [676, 677, 678, 679, 680, 681, 682, 683], "excluded_lines": [], "start_line": 671}, "schedule_sync_all_stocks_now": {"executed_lines": [688, 689, 690, 691, 692, 694, 695, 698, 700, 701, 702], "summary": {"covered_lines": 11, "num_statements": 18, "percent_covered": 61.111111111111114, "percent_covered_display": "61", "missing_lines": 7, "excluded_lines": 0, "percent_statements_covered": 61.111111111111114, "percent_statements_covered_display": "61"}, "missing_lines": [696, 697, 703, 704, 705, 706, 707], "excluded_lines": [], "start_line": 686}, "_warm_payload_cache_from_disk": {"executed_lines": [716, 718, 719, 720, 721, 722, 723, 724, 725, 726, 727, 728, 730, 731, 732, 733, 743], "summary": {"covered_lines": 17, "num_statements": 29, "percent_covered": 58.62068965517241, "percent_covered_display": "59", "missing_lines": 12, "excluded_lines": 0, "percent_statements_covered": 58.62068965517241, "percent_statements_covered_display": "59"}, "missing_lines": [734, 735, 736, 740, 741, 742, 744, 745, 746, 750, 753, 754], "excluded_lines": [], "start_line": 710}, "_prepare_sync_items": {"executed_lines": [759, 760, 762, 763, 765, 766, 768, 769, 771, 783, 784, 786, 787, 788, 789, 790, 792, 793, 794, 796, 797, 798, 800, 801, 802, 803, 804, 810, 813, 818, 819, 820, 823, 824, 825, 826], "summary": {"covered_lines": 36, "num_statements": 42, "percent_covered": 85.71428571428571, "percent_covered_display": "86", "missing_lines": 6, "excluded_lines": 0, "percent_statements_covered": 85.71428571428571, "percent_statements_covered_display": "86"}, "missing_lines": [805, 807, 808, 809, 811, 821], "excluded_lines": [], "start_line": 757}, "_prepare_sync_items._placeholder_symbols": {"executed_lines": [772, 777], "summary": {"covered_lines": 2, "num_statements": 2, "percent_covered": 100.0, "percent_covered_display": "100", "missing_lines": 0, "excluded_lines": 0, "percent_statements_covered": 100.0, "percent_statements_covered_display": "100"}, "missing_lines": [], "excluded_lines": [], "start_line": 771}, "_process_fetched_stocks": {"executed_lines": [833, 834, 835, 836, 837, 838, 839, 840, 841, 843, 845, 847, 848, 849, 851, 874, 875, 876, 878, 879, 882, 883, 886], "summary": {"covered_lines": 23, "num_statements": 23, "percent_covered": 100.0, "percent_covered_display": "100", "missing_lines": 0, "excluded_lines": 0, "percent_statements_covered": 100.0, "percent_statements_covered_display": "100"}, "missing_lines": [], "excluded_lines": [], "start_line": 829}, "_process_fetched_stocks.merge_cache": {"executed_lines": [852, 853, 854, 855, 856, 857, 866, 867, 869, 870, 871, 872], "summary": {"covered_lines": 12, "num_statements": 20, "percent_covered": 60.0, "percent_covered_display": "60", "missing_lines": 8, "excluded_lines": 0, "percent_statements_covered": 60.0, "percent_statements_covered_display": "60"}, "missing_lines": [858, 859, 860, 861, 862, 863, 865, 868], "excluded_lines": [], "start_line": 851}, "_update_indices_data": {"executed_lines": [893, 903, 904, 905, 907, 908, 909, 910, 922, 931, 932, 933, 934, 939, 940, 941, 945, 946, 947, 949, 950, 951, 954, 955, 956, 957, 959, 960, 961, 962, 963, 964, 965, 966, 967], "summary": {"covered_lines": 35, "num_statements": 40, "percent_covered": 87.5, "percent_covered_display": "88", "missing_lines": 5, "excluded_lines": 0, "percent_statements_covered": 87.5, "percent_statements_covered_display": "88"}, "missing_lines": [906, 942, 943, 968, 969], "excluded_lines": [], "start_line": 889}, "sync_all_stocks_now": {"executed_lines": [974, 975, 978, 980, 981, 982, 983, 986, 990, 991, 993, 995, 996, 997, 999, 1005, 1006, 1011, 1012], "summary": {"covered_lines": 19, "num_statements": 26, "percent_covered": 73.07692307692308, "percent_covered_display": "73", "missing_lines": 7, "excluded_lines": 0, "percent_statements_covered": 73.07692307692308, "percent_statements_covered_display": "73"}, "missing_lines": [976, 977, 1000, 1003, 1007, 1008, 1009], "excluded_lines": [], "start_line": 972}, "bg_yahoo_fetch_loop": {"executed_lines": [], "summary": {"covered_lines": 0, "num_statements": 16, "percent_covered": 0.0, "percent_covered_display": "0", "missing_lines": 16, "excluded_lines": 0, "percent_statements_covered": 0.0, "percent_statements_covered_display": "0"}, "missing_lines": [1017, 1019, 1020, 1021, 1022, 1023, 1026, 1027, 1028, 1029, 1030, 1031, 1033, 1034, 1035, 1036], "excluded_lines": [], "start_line": 1015}, "_start_background_threads": {"executed_lines": [], "summary": {"covered_lines": 0, "num_statements": 6, "percent_covered": 0.0, "percent_covered_display": "0", "missing_lines": 6, "excluded_lines": 0, "percent_statements_covered": 0.0, "percent_statements_covered_display": "0"}, "missing_lines": [1042, 1069, 1072, 1075, 1076, 1077], "excluded_lines": [], "start_line": 1039}, "_start_background_threads.wrapped_loop": {"executed_lines": [], "summary": {"covered_lines": 0, "num_statements": 14, "percent_covered": 0.0, "percent_covered_display": "0", "missing_lines": 14, "excluded_lines": 0, "percent_statements_covered": 0.0, "percent_statements_covered_display": "0"}, "missing_lines": [1043, 1044, 1045, 1046, 1047, 1048, 1049, 1050, 1051, 1052, 1057, 1058, 1059, 1067], "excluded_lines": [], "start_line": 1042}, "": {"executed_lines": [4, 5, 6, 7, 8, 9, 11, 12, 14, 23, 24, 25, 34, 36, 39, 69, 126, 171, 270, 395, 436, 445, 470, 508, 546, 609, 671, 686, 710, 757, 829, 889, 972, 1015, 1039], "summary": {"covered_lines": 35, "num_statements": 35, "percent_covered": 100.0, "percent_covered_display": "100", "missing_lines": 0, "excluded_lines": 0, "percent_statements_covered": 100.0, "percent_statements_covered_display": "100"}, "missing_lines": [], "excluded_lines": [], "start_line": 1}}, "classes": {"": {"executed_lines": [4, 5, 6, 7, 8, 9, 11, 12, 14, 23, 24, 25, 34, 36, 39, 69, 126, 171, 175, 178, 179, 181, 182, 183, 184, 195, 196, 199, 270, 272, 274, 275, 280, 281, 282, 283, 284, 395, 403, 406, 407, 408, 409, 411, 414, 415, 419, 420, 422, 423, 427, 428, 430, 433, 436, 437, 439, 440, 441, 442, 445, 447, 465, 466, 467, 470, 474, 475, 476, 484, 485, 493, 497, 508, 510, 511, 513, 516, 518, 523, 525, 526, 529, 531, 532, 533, 538, 539, 542, 543, 546, 548, 568, 569, 570, 575, 576, 577, 579, 580, 582, 587, 604, 605, 606, 609, 611, 612, 613, 614, 618, 619, 620, 622, 623, 624, 625, 626, 627, 628, 630, 642, 643, 644, 645, 647, 648, 652, 653, 660, 662, 663, 666, 671, 673, 674, 686, 688, 689, 690, 691, 692, 694, 695, 698, 700, 701, 702, 710, 716, 718, 719, 720, 721, 722, 723, 724, 725, 726, 727, 728, 730, 731, 732, 733, 743, 757, 759, 760, 762, 763, 765, 766, 768, 769, 771, 772, 777, 783, 784, 786, 787, 788, 789, 790, 792, 793, 794, 796, 797, 798, 800, 801, 802, 803, 804, 810, 813, 818, 819, 820, 823, 824, 825, 826, 829, 833, 834, 835, 836, 837, 838, 839, 840, 841, 843, 845, 847, 848, 849, 851, 852, 853, 854, 855, 856, 857, 866, 867, 869, 870, 871, 872, 874, 875, 876, 878, 879, 882, 883, 886, 889, 893, 903, 904, 905, 907, 908, 909, 910, 922, 931, 932, 933, 934, 939, 940, 941, 945, 946, 947, 949, 950, 951, 954, 955, 956, 957, 959, 960, 961, 962, 963, 964, 965, 966, 967, 972, 974, 975, 978, 980, 981, 982, 983, 986, 990, 991, 993, 995, 996, 997, 999, 1005, 1006, 1011, 1012, 1015, 1039], "summary": {"covered_lines": 299, "num_statements": 591, "percent_covered": 50.592216582064296, "percent_covered_display": "51", "missing_lines": 292, "excluded_lines": 0, "percent_statements_covered": 50.592216582064296, "percent_statements_covered_display": "51"}, "missing_lines": [41, 42, 44, 45, 47, 52, 53, 55, 56, 57, 62, 63, 65, 66, 76, 77, 78, 79, 81, 82, 83, 84, 85, 86, 87, 88, 89, 90, 92, 93, 94, 95, 96, 100, 101, 105, 107, 110, 112, 113, 116, 117, 118, 119, 120, 121, 122, 123, 128, 129, 130, 131, 132, 134, 135, 136, 137, 138, 140, 141, 142, 143, 145, 146, 151, 152, 153, 157, 158, 159, 161, 162, 163, 165, 166, 167, 168, 176, 185, 186, 187, 192, 193, 201, 202, 203, 205, 206, 207, 208, 209, 212, 213, 216, 217, 219, 220, 222, 224, 225, 227, 228, 229, 231, 232, 233, 235, 241, 242, 245, 247, 252, 253, 254, 255, 256, 257, 258, 259, 261, 262, 263, 264, 266, 267, 276, 277, 278, 285, 286, 287, 288, 290, 291, 292, 293, 295, 296, 298, 299, 300, 303, 304, 305, 307, 317, 318, 319, 325, 327, 335, 336, 337, 338, 339, 340, 341, 342, 343, 344, 345, 346, 347, 348, 349, 350, 359, 360, 362, 364, 369, 370, 373, 375, 376, 380, 392, 404, 412, 416, 417, 424, 431, 438, 514, 527, 536, 578, 588, 589, 590, 591, 592, 593, 594, 595, 601, 602, 615, 616, 665, 667, 668, 676, 677, 678, 679, 680, 681, 682, 683, 696, 697, 703, 704, 705, 706, 707, 734, 735, 736, 740, 741, 742, 744, 745, 746, 750, 753, 754, 805, 807, 808, 809, 811, 821, 858, 859, 860, 861, 862, 863, 865, 868, 906, 942, 943, 968, 969, 976, 977, 1000, 1003, 1007, 1008, 1009, 1017, 1019, 1020, 1021, 1022, 1023, 1026, 1027, 1028, 1029, 1030, 1031, 1033, 1034, 1035, 1036, 1042, 1043, 1044, 1045, 1046, 1047, 1048, 1049, 1050, 1051, 1052, 1057, 1058, 1059, 1067, 1069, 1072, 1075, 1076, 1077], "excluded_lines": [], "start_line": 1}}}, "app_helpers.py": {"executed_lines": [1, 2, 3, 4, 5, 6, 7, 9, 10, 11, 13, 14, 17, 18, 20, 24, 33, 46, 58, 59, 61, 71, 81, 89, 91, 98, 100, 101, 109, 110, 111, 112, 113, 114, 115, 119, 120, 121, 127, 128, 129, 132, 134, 135, 136, 137, 138, 141, 151, 153, 155, 156, 157, 158, 160, 163, 165, 166, 169, 170, 171, 173, 174, 176, 178, 180, 183, 185, 187, 196, 197, 198, 199, 202, 204, 205, 206, 207, 208, 209, 210, 212, 213, 214, 215, 216, 219, 225, 226, 231, 236, 237, 238, 239, 240, 241, 242, 243, 246, 251, 256, 261, 262, 263, 266, 280, 302, 325, 331, 332, 333, 334, 335, 338, 353, 365, 366, 367, 368, 369, 373, 374, 377, 378, 385, 386, 387, 388, 389, 390, 391, 393, 394, 395, 398, 399, 404, 405, 406, 409, 410, 411, 414, 415, 416, 417, 419, 420, 421, 427, 430, 432, 433, 434, 436, 437, 438, 440, 447, 448, 449, 451, 452, 453, 454, 457, 458, 463, 464, 465, 474, 475, 481, 483, 484, 485, 490, 493, 494, 495, 497, 499, 501, 504, 508, 511, 556, 558, 560, 561, 570, 572, 573, 574, 575, 577, 578, 579, 582, 583, 586, 587, 592, 595, 597, 598, 601, 603, 604, 608, 610, 611, 612, 615, 617, 618, 619, 620, 624, 625, 626, 627, 628, 629, 633, 634, 635, 636, 640, 641, 642, 643, 644, 646, 647, 648, 649, 651, 652, 660, 666, 667, 668, 669, 670, 672, 675, 677, 678, 680, 681, 682, 683, 684, 688, 689, 690, 692, 693, 694, 697, 699, 700, 706, 708, 709, 710, 711, 713, 714, 715, 716, 718, 719, 720, 725, 726, 727, 728, 729, 734, 735, 736, 738, 743, 745, 746, 750], "summary": {"covered_lines": 288, "num_statements": 425, "percent_covered": 67.76470588235294, "percent_covered_display": "68", "missing_lines": 137, "excluded_lines": 0, "percent_statements_covered": 67.76470588235294, "percent_statements_covered_display": "68"}, "missing_lines": [102, 103, 104, 105, 106, 116, 143, 144, 145, 146, 147, 148, 154, 159, 167, 172, 177, 179, 186, 211, 267, 272, 277, 281, 282, 287, 292, 293, 294, 295, 296, 297, 298, 299, 306, 308, 313, 314, 316, 317, 318, 319, 320, 321, 322, 357, 358, 359, 360, 361, 362, 370, 375, 379, 380, 381, 382, 383, 392, 396, 397, 401, 407, 412, 455, 456, 459, 466, 467, 468, 469, 470, 471, 472, 473, 476, 478, 488, 491, 496, 500, 516, 517, 518, 520, 521, 522, 523, 528, 529, 530, 532, 533, 534, 535, 536, 537, 541, 543, 544, 545, 546, 547, 548, 549, 550, 552, 553, 559, 580, 581, 584, 585, 588, 589, 590, 591, 599, 621, 622, 630, 631, 638, 657, 658, 685, 686, 687, 701, 704, 737, 739, 740, 741, 801, 804, 807], "excluded_lines": [], "functions": {"get_default_symbols": {"executed_lines": [91], "summary": {"covered_lines": 1, "num_statements": 1, "percent_covered": 100.0, "percent_covered_display": "100", "missing_lines": 0, "excluded_lines": 0, "percent_statements_covered": 100.0, "percent_statements_covered_display": "100"}, "missing_lines": [], "excluded_lines": [], "start_line": 89}, "_get_stock_container": {"executed_lines": [100, 101], "summary": {"covered_lines": 2, "num_statements": 7, "percent_covered": 28.571428571428573, "percent_covered_display": "29", "missing_lines": 5, "excluded_lines": 0, "percent_statements_covered": 28.571428571428573, "percent_statements_covered_display": "29"}, "missing_lines": [102, 103, 104, 105, 106], "excluded_lines": [], "start_line": 98}, "_default_stock_names": {"executed_lines": [110, 111, 112, 113, 114, 115], "summary": {"covered_lines": 6, "num_statements": 7, "percent_covered": 85.71428571428571, "percent_covered_display": "86", "missing_lines": 1, "excluded_lines": 0, "percent_statements_covered": 85.71428571428571, "percent_statements_covered_display": "86"}, "missing_lines": [116], "excluded_lines": [], "start_line": 109}, "_stock_is_default_or_user": {"executed_lines": [120, 121], "summary": {"covered_lines": 2, "num_statements": 2, "percent_covered": 100.0, "percent_covered_display": "100", "missing_lines": 0, "excluded_lines": 0, "percent_statements_covered": 100.0, "percent_statements_covered_display": "100"}, "missing_lines": [], "excluded_lines": [], "start_line": 119}, "_short_text": {"executed_lines": [128, 129], "summary": {"covered_lines": 2, "num_statements": 2, "percent_covered": 100.0, "percent_covered_display": "100", "missing_lines": 0, "excluded_lines": 0, "percent_statements_covered": 100.0, "percent_statements_covered_display": "100"}, "missing_lines": [], "excluded_lines": [], "start_line": 127}, "_token_fingerprint": {"executed_lines": [134, 135, 136, 137, 138], "summary": {"covered_lines": 5, "num_statements": 5, "percent_covered": 100.0, "percent_covered_display": "100", "missing_lines": 0, "excluded_lines": 0, "percent_statements_covered": 100.0, "percent_statements_covered_display": "100"}, "missing_lines": [], "excluded_lines": [], "start_line": 132}, "_token_mask": {"executed_lines": [], "summary": {"covered_lines": 0, "num_statements": 6, "percent_covered": 0.0, "percent_covered_display": "0", "missing_lines": 6, "excluded_lines": 0, "percent_statements_covered": 0.0, "percent_statements_covered_display": "0"}, "missing_lines": [143, 144, 145, 146, 147, 148], "excluded_lines": [], "start_line": 141}, "_is_valid_api_key": {"executed_lines": [153, 155, 156, 157, 158, 160], "summary": {"covered_lines": 6, "num_statements": 8, "percent_covered": 75.0, "percent_covered_display": "75", "missing_lines": 2, "excluded_lines": 0, "percent_statements_covered": 75.0, "percent_statements_covered_display": "75"}, "missing_lines": [154, 159], "excluded_lines": [], "start_line": 151}, "_parse_json_request": {"executed_lines": [165, 166, 169, 170, 171, 173, 174, 176, 178, 180], "summary": {"covered_lines": 10, "num_statements": 14, "percent_covered": 71.42857142857143, "percent_covered_display": "71", "missing_lines": 4, "excluded_lines": 0, "percent_statements_covered": 71.42857142857143, "percent_statements_covered_display": "71"}, "missing_lines": [167, 172, 177, 179], "excluded_lines": [], "start_line": 163}, "_sanitize_error_message": {"executed_lines": [185, 187, 196, 197, 198, 199], "summary": {"covered_lines": 6, "num_statements": 7, "percent_covered": 85.71428571428571, "percent_covered_display": "86", "missing_lines": 1, "excluded_lines": 0, "percent_statements_covered": 85.71428571428571, "percent_statements_covered_display": "86"}, "missing_lines": [186], "excluded_lines": [], "start_line": 183}, "parse_non_negative_float": {"executed_lines": [204, 205, 206, 207, 208, 209, 210, 212, 213, 214, 215, 216], "summary": {"covered_lines": 12, "num_statements": 13, "percent_covered": 92.3076923076923, "percent_covered_display": "92", "missing_lines": 1, "excluded_lines": 0, "percent_statements_covered": 92.3076923076923, "percent_statements_covered_display": "92"}, "missing_lines": [211], "excluded_lines": [], "start_line": 202}, "_resolve_stocks_for_response": {"executed_lines": [225, 226, 231, 236, 237, 238, 239, 240, 241, 242, 243], "summary": {"covered_lines": 11, "num_statements": 11, "percent_covered": 100.0, "percent_covered_display": "100", "missing_lines": 0, "excluded_lines": 0, "percent_statements_covered": 100.0, "percent_statements_covered_display": "100"}, "missing_lines": [], "excluded_lines": [], "start_line": 219}, "_resolve_indices_for_response": {"executed_lines": [251, 256, 261, 262, 263], "summary": {"covered_lines": 5, "num_statements": 5, "percent_covered": 100.0, "percent_covered_display": "100", "missing_lines": 0, "excluded_lines": 0, "percent_statements_covered": 100.0, "percent_statements_covered_display": "100"}, "missing_lines": [], "excluded_lines": [], "start_line": 246}, "_has_ready_indices_snapshot": {"executed_lines": [], "summary": {"covered_lines": 0, "num_statements": 3, "percent_covered": 0.0, "percent_covered_display": "0", "missing_lines": 3, "excluded_lines": 0, "percent_statements_covered": 0.0, "percent_statements_covered_display": "0"}, "missing_lines": [267, 272, 277], "excluded_lines": [], "start_line": 266}, "_has_ready_stocks_snapshot": {"executed_lines": [], "summary": {"covered_lines": 0, "num_statements": 11, "percent_covered": 0.0, "percent_covered_display": "0", "missing_lines": 11, "excluded_lines": 0, "percent_statements_covered": 0.0, "percent_statements_covered_display": "0"}, "missing_lines": [281, 282, 287, 292, 293, 294, 295, 296, 297, 298, 299], "excluded_lines": [], "start_line": 280}, "_wait_for_initial_market_snapshot": {"executed_lines": [], "summary": {"covered_lines": 0, "num_statements": 11, "percent_covered": 0.0, "percent_covered_display": "0", "missing_lines": 11, "excluded_lines": 0, "percent_statements_covered": 0.0, "percent_statements_covered_display": "0"}, "missing_lines": [306, 308, 313, 314, 316, 317, 318, 319, 320, 321, 322], "excluded_lines": [], "start_line": 302}, "error_response": {"executed_lines": [331, 332, 333, 334, 335, 338], "summary": {"covered_lines": 6, "num_statements": 6, "percent_covered": 100.0, "percent_covered_display": "100", "missing_lines": 0, "excluded_lines": 0, "percent_statements_covered": 100.0, "percent_statements_covered_display": "100"}, "missing_lines": [], "excluded_lines": [], "start_line": 325}, "_is_market_session_open": {"executed_lines": [], "summary": {"covered_lines": 0, "num_statements": 6, "percent_covered": 0.0, "percent_covered_display": "0", "missing_lines": 6, "excluded_lines": 0, "percent_statements_covered": 0.0, "percent_statements_covered_display": "0"}, "missing_lines": [357, 358, 359, 360, 361, 362], "excluded_lines": [], "start_line": 353}, "_market_status_symbol": {"executed_lines": [366, 367, 368, 369], "summary": {"covered_lines": 4, "num_statements": 5, "percent_covered": 80.0, "percent_covered_display": "80", "missing_lines": 1, "excluded_lines": 0, "percent_statements_covered": 80.0, "percent_statements_covered_display": "80"}, "missing_lines": [370], "excluded_lines": [], "start_line": 365}, "_market_state_from_metadata": {"executed_lines": [374, 377, 378, 385, 386, 387, 388, 389, 390, 391, 393, 394, 395, 398, 399], "summary": {"covered_lines": 15, "num_statements": 25, "percent_covered": 60.0, "percent_covered_display": "60", "missing_lines": 10, "excluded_lines": 0, "percent_statements_covered": 60.0, "percent_statements_covered_display": "60"}, "missing_lines": [375, 379, 380, 381, 382, 383, 392, 396, 397, 401], "excluded_lines": [], "start_line": 373}, "_fetch_live_market_state": {"executed_lines": [405, 406, 409, 410, 411, 414, 415, 416, 417, 419, 420, 421, 427], "summary": {"covered_lines": 13, "num_statements": 15, "percent_covered": 86.66666666666667, "percent_covered_display": "87", "missing_lines": 2, "excluded_lines": 0, "percent_statements_covered": 86.66666666666667, "percent_statements_covered_display": "87"}, "missing_lines": [407, 412], "excluded_lines": [], "start_line": 404}, "is_market_open": {"executed_lines": [432, 433, 434, 436, 437, 438, 440, 447, 448, 449, 451, 452, 453, 454, 457, 458, 463, 464, 465, 474, 475], "summary": {"covered_lines": 21, "num_statements": 34, "percent_covered": 61.76470588235294, "percent_covered_display": "62", "missing_lines": 13, "excluded_lines": 0, "percent_statements_covered": 61.76470588235294, "percent_statements_covered_display": "62"}, "missing_lines": [455, 456, 459, 466, 467, 468, 469, 470, 471, 472, 473, 476, 478], "excluded_lines": [], "start_line": 430}, "acquire_yfinance_slot": {"executed_lines": [483, 484, 485, 490, 493, 494, 495, 497, 499, 501], "summary": {"covered_lines": 10, "num_statements": 14, "percent_covered": 71.42857142857143, "percent_covered_display": "71", "missing_lines": 4, "excluded_lines": 0, "percent_statements_covered": 71.42857142857143, "percent_statements_covered_display": "71"}, "missing_lines": [488, 491, 496, 500], "excluded_lines": [], "start_line": 481}, "safe_get_ticker": {"executed_lines": [508], "summary": {"covered_lines": 1, "num_statements": 1, "percent_covered": 100.0, "percent_covered_display": "100", "missing_lines": 0, "excluded_lines": 0, "percent_statements_covered": 100.0, "percent_statements_covered_display": "100"}, "missing_lines": [], "excluded_lines": [], "start_line": 504}, "get_stock_info_cached": {"executed_lines": [], "summary": {"covered_lines": 0, "num_statements": 6, "percent_covered": 0.0, "percent_covered_display": "0", "missing_lines": 6, "excluded_lines": 0, "percent_statements_covered": 0.0, "percent_statements_covered_display": "0"}, "missing_lines": [516, 517, 518, 520, 552, 553], "excluded_lines": [], "start_line": 511}, "get_stock_info_cached._fetch": {"executed_lines": [], "summary": {"covered_lines": 0, "num_statements": 21, "percent_covered": 0.0, "percent_covered_display": "0", "missing_lines": 21, "excluded_lines": 0, "percent_statements_covered": 0.0, "percent_statements_covered_display": "0"}, "missing_lines": [521, 522, 523, 528, 529, 530, 532, 533, 534, 535, 536, 537, 541, 543, 544, 545, 546, 547, 548, 549, 550], "excluded_lines": [], "start_line": 520}, "choose_display_name": {"executed_lines": [558, 560, 561], "summary": {"covered_lines": 3, "num_statements": 4, "percent_covered": 75.0, "percent_covered_display": "75", "missing_lines": 1, "excluded_lines": 0, "percent_statements_covered": 75.0, "percent_statements_covered_display": "75"}, "missing_lines": [559], "excluded_lines": [], "start_line": 556}, "_extract_portfolio_fields": {"executed_lines": [572, 573, 574, 575, 577, 578, 579, 582, 583, 586, 587, 592], "summary": {"covered_lines": 12, "num_statements": 20, "percent_covered": 60.0, "percent_covered_display": "60", "missing_lines": 8, "excluded_lines": 0, "percent_statements_covered": 60.0, "percent_statements_covered_display": "60"}, "missing_lines": [580, 581, 584, 585, 588, 589, 590, 591], "excluded_lines": [], "start_line": 570}, "_compute_price_metrics": {"executed_lines": [597, 598, 601, 603, 604, 608, 610, 611, 612], "summary": {"covered_lines": 9, "num_statements": 10, "percent_covered": 90.0, "percent_covered_display": "90", "missing_lines": 1, "excluded_lines": 0, "percent_statements_covered": 90.0, "percent_statements_covered_display": "90"}, "missing_lines": [599], "excluded_lines": [], "start_line": 595}, "_build_chart_ohlc_data": {"executed_lines": [617, 624, 625, 626, 627, 628, 629, 633, 634, 635, 636, 640, 641, 642, 643, 644, 646, 647, 648, 649, 651, 652, 660, 666, 667, 668, 669, 670, 672], "summary": {"covered_lines": 29, "num_statements": 34, "percent_covered": 85.29411764705883, "percent_covered_display": "85", "missing_lines": 5, "excluded_lines": 0, "percent_statements_covered": 85.29411764705883, "percent_statements_covered_display": "85"}, "missing_lines": [630, 631, 638, 657, 658], "excluded_lines": [], "start_line": 615}, "_build_chart_ohlc_data._safe_ohlc": {"executed_lines": [618, 619, 620], "summary": {"covered_lines": 3, "num_statements": 5, "percent_covered": 60.0, "percent_covered_display": "60", "missing_lines": 2, "excluded_lines": 0, "percent_statements_covered": 60.0, "percent_statements_covered_display": "60"}, "missing_lines": [621, 622], "excluded_lines": [], "start_line": 617}, "_build_portfolio_metrics": {"executed_lines": [677, 678, 680, 681, 682, 683, 684, 688, 689, 690, 692, 693, 694], "summary": {"covered_lines": 13, "num_statements": 16, "percent_covered": 81.25, "percent_covered_display": "81", "missing_lines": 3, "excluded_lines": 0, "percent_statements_covered": 81.25, "percent_statements_covered_display": "81"}, "missing_lines": [685, 686, 687], "excluded_lines": [], "start_line": 675}, "build_stock_payload": {"executed_lines": [699, 700, 706, 708, 709, 710, 711, 713, 714, 715, 716, 718, 719, 720, 725, 726, 727, 728, 729, 734, 735, 736, 738, 743, 745, 746, 750], "summary": {"covered_lines": 27, "num_statements": 36, "percent_covered": 75.0, "percent_covered_display": "75", "missing_lines": 9, "excluded_lines": 0, "percent_statements_covered": 75.0, "percent_statements_covered_display": "75"}, "missing_lines": [701, 704, 737, 739, 740, 741, 801, 804, 807], "excluded_lines": [], "start_line": 697}, "": {"executed_lines": [1, 2, 3, 4, 5, 6, 7, 9, 10, 11, 13, 14, 17, 18, 20, 24, 33, 46, 58, 59, 61, 71, 81, 89, 98, 109, 119, 127, 132, 141, 151, 163, 183, 202, 219, 246, 266, 280, 302, 325, 353, 365, 373, 404, 430, 481, 504, 511, 556, 570, 595, 615, 675, 697], "summary": {"covered_lines": 54, "num_statements": 54, "percent_covered": 100.0, "percent_covered_display": "100", "missing_lines": 0, "excluded_lines": 0, "percent_statements_covered": 100.0, "percent_statements_covered_display": "100"}, "missing_lines": [], "excluded_lines": [], "start_line": 1}}, "classes": {"": {"executed_lines": [1, 2, 3, 4, 5, 6, 7, 9, 10, 11, 13, 14, 17, 18, 20, 24, 33, 46, 58, 59, 61, 71, 81, 89, 91, 98, 100, 101, 109, 110, 111, 112, 113, 114, 115, 119, 120, 121, 127, 128, 129, 132, 134, 135, 136, 137, 138, 141, 151, 153, 155, 156, 157, 158, 160, 163, 165, 166, 169, 170, 171, 173, 174, 176, 178, 180, 183, 185, 187, 196, 197, 198, 199, 202, 204, 205, 206, 207, 208, 209, 210, 212, 213, 214, 215, 216, 219, 225, 226, 231, 236, 237, 238, 239, 240, 241, 242, 243, 246, 251, 256, 261, 262, 263, 266, 280, 302, 325, 331, 332, 333, 334, 335, 338, 353, 365, 366, 367, 368, 369, 373, 374, 377, 378, 385, 386, 387, 388, 389, 390, 391, 393, 394, 395, 398, 399, 404, 405, 406, 409, 410, 411, 414, 415, 416, 417, 419, 420, 421, 427, 430, 432, 433, 434, 436, 437, 438, 440, 447, 448, 449, 451, 452, 453, 454, 457, 458, 463, 464, 465, 474, 475, 481, 483, 484, 485, 490, 493, 494, 495, 497, 499, 501, 504, 508, 511, 556, 558, 560, 561, 570, 572, 573, 574, 575, 577, 578, 579, 582, 583, 586, 587, 592, 595, 597, 598, 601, 603, 604, 608, 610, 611, 612, 615, 617, 618, 619, 620, 624, 625, 626, 627, 628, 629, 633, 634, 635, 636, 640, 641, 642, 643, 644, 646, 647, 648, 649, 651, 652, 660, 666, 667, 668, 669, 670, 672, 675, 677, 678, 680, 681, 682, 683, 684, 688, 689, 690, 692, 693, 694, 697, 699, 700, 706, 708, 709, 710, 711, 713, 714, 715, 716, 718, 719, 720, 725, 726, 727, 728, 729, 734, 735, 736, 738, 743, 745, 746, 750], "summary": {"covered_lines": 288, "num_statements": 425, "percent_covered": 67.76470588235294, "percent_covered_display": "68", "missing_lines": 137, "excluded_lines": 0, "percent_statements_covered": 67.76470588235294, "percent_statements_covered_display": "68"}, "missing_lines": [102, 103, 104, 105, 106, 116, 143, 144, 145, 146, 147, 148, 154, 159, 167, 172, 177, 179, 186, 211, 267, 272, 277, 281, 282, 287, 292, 293, 294, 295, 296, 297, 298, 299, 306, 308, 313, 314, 316, 317, 318, 319, 320, 321, 322, 357, 358, 359, 360, 361, 362, 370, 375, 379, 380, 381, 382, 383, 392, 396, 397, 401, 407, 412, 455, 456, 459, 466, 467, 468, 469, 470, 471, 472, 473, 476, 478, 488, 491, 496, 500, 516, 517, 518, 520, 521, 522, 523, 528, 529, 530, 532, 533, 534, 535, 536, 537, 541, 543, 544, 545, 546, 547, 548, 549, 550, 552, 553, 559, 580, 581, 584, 585, 588, 589, 590, 591, 599, 621, 622, 630, 631, 638, 657, 658, 685, 686, 687, 701, 704, 737, 739, 740, 741, 801, 804, 807], "excluded_lines": [], "start_line": 1}}}, "app_state.py": {"executed_lines": [4, 5, 6, 7, 8, 9, 10, 11, 12, 14, 16, 17, 18, 19, 21, 26, 27, 28, 37, 46, 47, 49, 54, 57, 58, 60, 61, 62, 63, 64, 65, 67, 68, 69, 70, 71, 72, 73, 74, 75, 76, 77, 78, 80, 81, 82, 84, 86, 88, 94, 105, 107, 109, 110, 111, 112, 113, 114, 115, 116, 118, 120, 121, 125, 126, 130, 131, 132, 133, 134, 136, 137, 139, 140, 141, 145, 146, 147, 148, 151, 153, 156, 157, 158, 160, 161, 162, 163, 164, 165, 167, 168, 169, 170, 172, 173, 176, 178, 179, 180, 181, 183, 184, 185, 186, 187, 188, 194, 196, 197, 198, 199, 201, 207, 209, 210, 211, 212, 215, 216, 217, 218, 219, 222, 229, 242, 243, 244, 245, 247, 248, 249, 250, 252, 253, 256, 257, 272, 275, 276, 277, 278, 279, 280, 282, 289, 290, 295, 296, 300, 308, 315, 316, 317, 318, 319, 320, 321, 322, 325, 326, 327, 328, 329, 330, 331, 332, 333, 334, 335, 336, 337, 340, 341, 342, 343, 344, 345, 346, 347, 348, 351, 353, 354, 357, 361, 363, 378, 387, 388, 389, 390, 396, 401, 404, 405, 406, 407, 409, 410, 411, 412, 414, 415, 416, 417, 418, 420, 422, 423, 424, 429, 430, 432, 433, 434, 435, 436, 437, 439, 444, 446, 447, 449, 455, 460, 479, 482, 483, 484, 485, 486, 487, 488, 489, 490, 491, 493, 494, 495, 496, 498, 499, 501, 502, 503, 505, 514, 527, 529, 530, 531, 533, 549, 552, 553, 554, 556, 567, 575, 597, 598, 605, 607, 608, 611, 616, 617, 618, 619, 620, 621, 622, 624, 625, 628, 629, 632, 633, 653, 654, 655, 656, 657, 658, 659, 660, 661, 662, 665, 667, 668, 672, 673, 674, 676, 679, 680, 681, 683, 684, 686, 687, 688, 689, 690, 691, 693, 694, 695, 696, 698, 699, 707, 726, 727, 728, 729, 730, 731, 732, 733, 735, 736, 740, 741, 742, 748, 754, 755, 756, 757, 758, 759, 760, 762, 763, 765, 770, 771, 773, 781, 783, 786, 789, 792, 795, 798, 801, 804, 807, 809, 812, 813, 818, 819, 822, 823, 829, 831, 837, 838, 840, 841, 843, 844, 846, 849, 852, 855, 860], "summary": {"covered_lines": 371, "num_statements": 535, "percent_covered": 69.34579439252336, "percent_covered_display": "69", "missing_lines": 164, "excluded_lines": 0, "percent_statements_covered": 69.34579439252336, "percent_statements_covered_display": "69"}, "missing_lines": [29, 30, 33, 50, 51, 90, 92, 135, 142, 143, 144, 149, 150, 174, 175, 203, 204, 205, 213, 214, 251, 258, 259, 262, 263, 297, 298, 301, 302, 303, 304, 305, 323, 324, 365, 366, 367, 368, 373, 374, 402, 441, 442, 451, 452, 453, 457, 458, 462, 463, 464, 465, 469, 470, 471, 472, 473, 476, 507, 508, 509, 510, 511, 512, 516, 517, 518, 519, 520, 521, 522, 523, 524, 525, 535, 536, 537, 538, 539, 541, 543, 544, 545, 546, 558, 560, 561, 562, 563, 564, 565, 569, 570, 571, 572, 573, 577, 579, 580, 582, 583, 584, 585, 586, 587, 588, 589, 590, 591, 592, 593, 599, 600, 601, 603, 626, 630, 634, 635, 636, 637, 638, 639, 640, 641, 642, 645, 646, 647, 648, 649, 650, 651, 663, 664, 669, 670, 677, 697, 700, 701, 766, 784, 787, 790, 793, 796, 799, 802, 805, 814, 815, 824, 825, 826, 827, 828, 833, 834, 835, 847, 850, 853, 856], "excluded_lines": [], "functions": {"YFinanceSessionManager.__new__": {"executed_lines": [61, 62, 63, 64, 65], "summary": {"covered_lines": 5, "num_statements": 5, "percent_covered": 100.0, "percent_covered_display": "100", "missing_lines": 0, "excluded_lines": 0, "percent_statements_covered": 100.0, "percent_statements_covered_display": "100"}, "missing_lines": [], "excluded_lines": [], "start_line": 60}, "YFinanceSessionManager.__init__": {"executed_lines": [68, 69, 70, 71, 72, 73, 74, 75, 76, 77, 78], "summary": {"covered_lines": 11, "num_statements": 11, "percent_covered": 100.0, "percent_covered_display": "100", "missing_lines": 0, "excluded_lines": 0, "percent_statements_covered": 100.0, "percent_statements_covered_display": "100"}, "missing_lines": [], "excluded_lines": [], "start_line": 67}, "YFinanceSessionManager.get_user_agent": {"executed_lines": [81, 82], "summary": {"covered_lines": 2, "num_statements": 2, "percent_covered": 100.0, "percent_covered_display": "100", "missing_lines": 0, "excluded_lines": 0, "percent_statements_covered": 100.0, "percent_statements_covered_display": "100"}, "missing_lines": [], "excluded_lines": [], "start_line": 80}, "YFinanceSessionManager._create_session": {"executed_lines": [86, 88, 94, 105, 107, 153, 156, 157, 158], "summary": {"covered_lines": 9, "num_statements": 11, "percent_covered": 81.81818181818181, "percent_covered_display": "82", "missing_lines": 2, "excluded_lines": 0, "percent_statements_covered": 81.81818181818181, "percent_statements_covered_display": "82"}, "missing_lines": [90, 92], "excluded_lines": [], "start_line": 84}, "YFinanceSessionManager._create_session.custom_request": {"executed_lines": [109, 110, 111, 112, 113, 114, 115, 116, 118, 120, 121, 125, 126, 130, 131, 132, 133, 134, 136, 137, 139, 140, 141, 145, 146, 147, 148, 151], "summary": {"covered_lines": 28, "num_statements": 33, "percent_covered": 84.84848484848484, "percent_covered_display": "85", "missing_lines": 5, "excluded_lines": 0, "percent_statements_covered": 84.84848484848484, "percent_statements_covered_display": "85"}, "missing_lines": [142, 143, 144, 149, 150], "excluded_lines": [], "start_line": 107}, "YFinanceSessionManager._create_session.custom_request.FakeResp.json": {"executed_lines": [], "summary": {"covered_lines": 0, "num_statements": 1, "percent_covered": 0.0, "percent_covered_display": "0", "missing_lines": 1, "excluded_lines": 0, "percent_statements_covered": 0.0, "percent_statements_covered_display": "0"}, "missing_lines": [135], "excluded_lines": [], "start_line": 134}, "YFinanceSessionManager.get_session": {"executed_lines": [161, 162, 163, 164, 165, 167, 168, 169, 170, 172, 173, 176, 178, 179, 180, 181], "summary": {"covered_lines": 16, "num_statements": 18, "percent_covered": 88.88888888888889, "percent_covered_display": "89", "missing_lines": 2, "excluded_lines": 0, "percent_statements_covered": 88.88888888888889, "percent_statements_covered_display": "89"}, "missing_lines": [174, 175], "excluded_lines": [], "start_line": 160}, "YFinanceSessionManager.mark_rate_limited": {"executed_lines": [184, 185, 186, 187, 188], "summary": {"covered_lines": 5, "num_statements": 5, "percent_covered": 100.0, "percent_covered_display": "100", "missing_lines": 0, "excluded_lines": 0, "percent_statements_covered": 100.0, "percent_statements_covered_display": "100"}, "missing_lines": [], "excluded_lines": [], "start_line": 183}, "YFinanceSessionManager.is_rate_limited": {"executed_lines": [196, 197, 198, 199], "summary": {"covered_lines": 4, "num_statements": 4, "percent_covered": 100.0, "percent_covered_display": "100", "missing_lines": 0, "excluded_lines": 0, "percent_statements_covered": 100.0, "percent_statements_covered_display": "100"}, "missing_lines": [], "excluded_lines": [], "start_line": 194}, "YFinanceSessionManager.clear_rate_limit": {"executed_lines": [], "summary": {"covered_lines": 0, "num_statements": 3, "percent_covered": 0.0, "percent_covered_display": "0", "missing_lines": 3, "excluded_lines": 0, "percent_statements_covered": 0.0, "percent_statements_covered_display": "0"}, "missing_lines": [203, 204, 205], "excluded_lines": [], "start_line": 201}, "YFinanceSessionManager.close_all": {"executed_lines": [209, 210, 211, 212, 215, 216, 217, 218, 219], "summary": {"covered_lines": 9, "num_statements": 11, "percent_covered": 81.81818181818181, "percent_covered_display": "82", "missing_lines": 2, "excluded_lines": 0, "percent_statements_covered": 81.81818181818181, "percent_statements_covered_display": "82"}, "missing_lines": [213, 214], "excluded_lines": [], "start_line": 207}, "BackendLogFilter.__init__": {"executed_lines": [244, 245], "summary": {"covered_lines": 2, "num_statements": 2, "percent_covered": 100.0, "percent_covered_display": "100", "missing_lines": 0, "excluded_lines": 0, "percent_statements_covered": 100.0, "percent_statements_covered_display": "100"}, "missing_lines": [], "excluded_lines": [], "start_line": 243}, "BackendLogFilter.filter": {"executed_lines": [248, 249, 250, 252, 253], "summary": {"covered_lines": 5, "num_statements": 6, "percent_covered": 83.33333333333333, "percent_covered_display": "83", "missing_lines": 1, "excluded_lines": 0, "percent_statements_covered": 83.33333333333333, "percent_statements_covered_display": "83"}, "missing_lines": [251], "excluded_lines": [], "start_line": 247}, "PollingFilter.filter": {"executed_lines": [], "summary": {"covered_lines": 0, "num_statements": 4, "percent_covered": 0.0, "percent_covered_display": "0", "missing_lines": 4, "excluded_lines": 0, "percent_statements_covered": 0.0, "percent_statements_covered_display": "0"}, "missing_lines": [258, 259, 262, 263], "excluded_lines": [], "start_line": 257}, "ExecutionState.__init__": {"executed_lines": [276, 277, 278, 279, 280], "summary": {"covered_lines": 5, "num_statements": 5, "percent_covered": 100.0, "percent_covered_display": "100", "missing_lines": 0, "excluded_lines": 0, "percent_statements_covered": 100.0, "percent_statements_covered_display": "100"}, "missing_lines": [], "excluded_lines": [], "start_line": 275}, "ExecutionState.shutdown": {"executed_lines": [289, 290, 295, 296, 300], "summary": {"covered_lines": 5, "num_statements": 12, "percent_covered": 41.666666666666664, "percent_covered_display": "42", "missing_lines": 7, "excluded_lines": 0, "percent_statements_covered": 41.666666666666664, "percent_statements_covered_display": "42"}, "missing_lines": [297, 298, 301, 302, 303, 304, 305], "excluded_lines": [], "start_line": 282}, "MarketDataState.__init__": {"executed_lines": [316, 317, 318, 319, 320, 321, 322, 325, 326, 327, 328, 329, 330, 331, 332, 333, 334, 335, 336, 337, 340, 341, 342, 343, 344, 345, 346, 347, 348, 351, 353, 354, 357, 361], "summary": {"covered_lines": 34, "num_statements": 36, "percent_covered": 94.44444444444444, "percent_covered_display": "94", "missing_lines": 2, "excluded_lines": 0, "percent_statements_covered": 94.44444444444444, "percent_statements_covered_display": "94"}, "missing_lines": [323, 324], "excluded_lines": [], "start_line": 315}, "MarketDataState.get_circuit_state": {"executed_lines": [], "summary": {"covered_lines": 0, "num_statements": 6, "percent_covered": 0.0, "percent_covered_display": "0", "missing_lines": 6, "excluded_lines": 0, "percent_statements_covered": 0.0, "percent_statements_covered_display": "0"}, "missing_lines": [365, 366, 367, 368, 373, 374], "excluded_lines": [], "start_line": 363}, "MarketDataState.report_circuit_result": {"executed_lines": [387, 388, 389, 390, 396, 401, 404, 405, 406, 407, 409, 410, 411, 412, 414, 415, 416, 417, 418], "summary": {"covered_lines": 19, "num_statements": 20, "percent_covered": 95.0, "percent_covered_display": "95", "missing_lines": 1, "excluded_lines": 0, "percent_statements_covered": 95.0, "percent_statements_covered_display": "95"}, "missing_lines": [402], "excluded_lines": [], "start_line": 378}, "MarketDataState.is_circuit_open": {"executed_lines": [422, 423, 424, 429, 430, 432, 433, 434, 435, 436, 437], "summary": {"covered_lines": 11, "num_statements": 11, "percent_covered": 100.0, "percent_covered_display": "100", "missing_lines": 0, "excluded_lines": 0, "percent_statements_covered": 100.0, "percent_statements_covered_display": "100"}, "missing_lines": [], "excluded_lines": [], "start_line": 420}, "MarketDataState.set_syncing": {"executed_lines": [], "summary": {"covered_lines": 0, "num_statements": 2, "percent_covered": 0.0, "percent_covered_display": "0", "missing_lines": 2, "excluded_lines": 0, "percent_statements_covered": 0.0, "percent_statements_covered_display": "0"}, "missing_lines": [441, 442], "excluded_lines": [], "start_line": 439}, "MarketDataState.update_market_status": {"executed_lines": [446, 447], "summary": {"covered_lines": 2, "num_statements": 2, "percent_covered": 100.0, "percent_covered_display": "100", "missing_lines": 0, "excluded_lines": 0, "percent_statements_covered": 100.0, "percent_statements_covered_display": "100"}, "missing_lines": [], "excluded_lines": [], "start_line": 444}, "MarketDataState.get_market_status": {"executed_lines": [], "summary": {"covered_lines": 0, "num_statements": 3, "percent_covered": 0.0, "percent_covered_display": "0", "missing_lines": 3, "excluded_lines": 0, "percent_statements_covered": 0.0, "percent_statements_covered_display": "0"}, "missing_lines": [451, 452, 453], "excluded_lines": [], "start_line": 449}, "MarketDataState.is_yf_rate_limited": {"executed_lines": [], "summary": {"covered_lines": 0, "num_statements": 2, "percent_covered": 0.0, "percent_covered_display": "0", "missing_lines": 2, "excluded_lines": 0, "percent_statements_covered": 0.0, "percent_statements_covered_display": "0"}, "missing_lines": [457, 458], "excluded_lines": [], "start_line": 455}, "MarketDataState.mark_yf_429": {"executed_lines": [], "summary": {"covered_lines": 0, "num_statements": 10, "percent_covered": 0.0, "percent_covered_display": "0", "missing_lines": 10, "excluded_lines": 0, "percent_statements_covered": 0.0, "percent_statements_covered_display": "0"}, "missing_lines": [462, 463, 464, 465, 469, 470, 471, 472, 473, 476], "excluded_lines": [], "start_line": 460}, "AIState.__init__": {"executed_lines": [483, 484, 485, 486, 487, 488, 489, 490, 491, 493, 494, 495, 496, 498, 499, 501, 502, 503], "summary": {"covered_lines": 18, "num_statements": 18, "percent_covered": 100.0, "percent_covered_display": "100", "missing_lines": 0, "excluded_lines": 0, "percent_statements_covered": 100.0, "percent_statements_covered_display": "100"}, "missing_lines": [], "excluded_lines": [], "start_line": 482}, "AIState.add_chat_history": {"executed_lines": [], "summary": {"covered_lines": 0, "num_statements": 6, "percent_covered": 0.0, "percent_covered_display": "0", "missing_lines": 6, "excluded_lines": 0, "percent_statements_covered": 0.0, "percent_statements_covered_display": "0"}, "missing_lines": [507, 508, 509, 510, 511, 512], "excluded_lines": [], "start_line": 505}, "AIState.mark_mistral_429": {"executed_lines": [], "summary": {"covered_lines": 0, "num_statements": 10, "percent_covered": 0.0, "percent_covered_display": "0", "missing_lines": 10, "excluded_lines": 0, "percent_statements_covered": 0.0, "percent_statements_covered_display": "0"}, "missing_lines": [516, 517, 518, 519, 520, 521, 522, 523, 524, 525], "excluded_lines": [], "start_line": 514}, "AIState.reset_mistral_streak": {"executed_lines": [529, 530, 531], "summary": {"covered_lines": 3, "num_statements": 3, "percent_covered": 100.0, "percent_covered_display": "100", "missing_lines": 0, "excluded_lines": 0, "percent_statements_covered": 100.0, "percent_statements_covered_display": "100"}, "missing_lines": [], "excluded_lines": [], "start_line": 527}, "AIState.get_or_create_mistral_client": {"executed_lines": [], "summary": {"covered_lines": 0, "num_statements": 10, "percent_covered": 0.0, "percent_covered_display": "0", "missing_lines": 10, "excluded_lines": 0, "percent_statements_covered": 0.0, "percent_statements_covered_display": "0"}, "missing_lines": [535, 536, 537, 538, 539, 541, 543, 544, 545, 546], "excluded_lines": [], "start_line": 533}, "MessageAnnouncer.__init__": {"executed_lines": [553, 554], "summary": {"covered_lines": 2, "num_statements": 2, "percent_covered": 100.0, "percent_covered_display": "100", "missing_lines": 0, "excluded_lines": 0, "percent_statements_covered": 100.0, "percent_statements_covered_display": "100"}, "missing_lines": [], "excluded_lines": [], "start_line": 552}, "MessageAnnouncer.listen": {"executed_lines": [], "summary": {"covered_lines": 0, "num_statements": 7, "percent_covered": 0.0, "percent_covered_display": "0", "missing_lines": 7, "excluded_lines": 0, "percent_statements_covered": 0.0, "percent_statements_covered_display": "0"}, "missing_lines": [558, 560, 561, 562, 563, 564, 565], "excluded_lines": [], "start_line": 556}, "MessageAnnouncer.unlisten": {"executed_lines": [], "summary": {"covered_lines": 0, "num_statements": 5, "percent_covered": 0.0, "percent_covered_display": "0", "missing_lines": 5, "excluded_lines": 0, "percent_statements_covered": 0.0, "percent_statements_covered_display": "0"}, "missing_lines": [569, 570, 571, 572, 573], "excluded_lines": [], "start_line": 567}, "MessageAnnouncer.announce": {"executed_lines": [], "summary": {"covered_lines": 0, "num_statements": 15, "percent_covered": 0.0, "percent_covered_display": "0", "missing_lines": 15, "excluded_lines": 0, "percent_statements_covered": 0.0, "percent_statements_covered_display": "0"}, "missing_lines": [577, 579, 580, 582, 583, 584, 585, 586, 587, 588, 589, 590, 591, 592, 593], "excluded_lines": [], "start_line": 575}, "MessageAnnouncer.listener_context": {"executed_lines": [], "summary": {"covered_lines": 0, "num_statements": 4, "percent_covered": 0.0, "percent_covered_display": "0", "missing_lines": 4, "excluded_lines": 0, "percent_statements_covered": 0.0, "percent_statements_covered_display": "0"}, "missing_lines": [599, 600, 601, 603], "excluded_lines": [], "start_line": 598}, "MessageAnnouncer.listener_count": {"executed_lines": [607, 608], "summary": {"covered_lines": 2, "num_statements": 2, "percent_covered": 100.0, "percent_covered_display": "100", "missing_lines": 0, "excluded_lines": 0, "percent_statements_covered": 100.0, "percent_statements_covered_display": "100"}, "missing_lines": [], "excluded_lines": [], "start_line": 605}, "ShutdownTokenManager.__init__": {"executed_lines": [617, 618, 619, 620, 621, 622], "summary": {"covered_lines": 6, "num_statements": 6, "percent_covered": 100.0, "percent_covered_display": "100", "missing_lines": 0, "excluded_lines": 0, "percent_statements_covered": 100.0, "percent_statements_covered_display": "100"}, "missing_lines": [], "excluded_lines": [], "start_line": 616}, "ShutdownTokenManager.get_or_create_shutdown_token": {"executed_lines": [625, 628, 629, 632, 633, 653, 654, 655, 656, 657, 658, 659, 660, 661, 662, 665], "summary": {"covered_lines": 16, "num_statements": 36, "percent_covered": 44.44444444444444, "percent_covered_display": "44", "missing_lines": 20, "excluded_lines": 0, "percent_statements_covered": 44.44444444444444, "percent_statements_covered_display": "44"}, "missing_lines": [626, 630, 634, 635, 636, 637, 638, 639, 640, 641, 642, 645, 646, 647, 648, 649, 650, 651, 663, 664], "excluded_lines": [], "start_line": 624}, "ShutdownTokenManager.consume_shutdown_token": {"executed_lines": [668, 672, 673, 674, 676, 679, 680, 681, 683, 684], "summary": {"covered_lines": 10, "num_statements": 13, "percent_covered": 76.92307692307692, "percent_covered_display": "77", "missing_lines": 3, "excluded_lines": 0, "percent_statements_covered": 76.92307692307692, "percent_statements_covered_display": "77"}, "missing_lines": [669, 670, 677], "excluded_lines": [], "start_line": 667}, "ShutdownTokenManager.rotate_shutdown_token": {"executed_lines": [687, 688, 689, 690, 691, 693, 694, 695, 696, 698, 699], "summary": {"covered_lines": 11, "num_statements": 14, "percent_covered": 78.57142857142857, "percent_covered_display": "79", "missing_lines": 3, "excluded_lines": 0, "percent_statements_covered": 78.57142857142857, "percent_statements_covered_display": "79"}, "missing_lines": [697, 700, 701], "excluded_lines": [], "start_line": 686}, "AppState.__init__": {"executed_lines": [727, 728, 729, 730, 731, 732, 733, 735, 736, 740, 741, 742, 748, 754, 755, 756, 757, 758, 759, 760], "summary": {"covered_lines": 20, "num_statements": 20, "percent_covered": 100.0, "percent_covered_display": "100", "missing_lines": 0, "excluded_lines": 0, "percent_statements_covered": 100.0, "percent_statements_covered_display": "100"}, "missing_lines": [], "excluded_lines": [], "start_line": 726}, "AppState.update_market_status": {"executed_lines": [763], "summary": {"covered_lines": 1, "num_statements": 1, "percent_covered": 100.0, "percent_covered_display": "100", "missing_lines": 0, "excluded_lines": 0, "percent_statements_covered": 100.0, "percent_statements_covered_display": "100"}, "missing_lines": [], "excluded_lines": [], "start_line": 762}, "AppState.get_market_status": {"executed_lines": [], "summary": {"covered_lines": 0, "num_statements": 1, "percent_covered": 0.0, "percent_covered_display": "0", "missing_lines": 1, "excluded_lines": 0, "percent_statements_covered": 0.0, "percent_statements_covered_display": "0"}, "missing_lines": [766], "excluded_lines": [], "start_line": 765}, "AppState.is_circuit_open": {"executed_lines": [771], "summary": {"covered_lines": 1, "num_statements": 1, "percent_covered": 100.0, "percent_covered_display": "100", "missing_lines": 0, "excluded_lines": 0, "percent_statements_covered": 100.0, "percent_statements_covered_display": "100"}, "missing_lines": [], "excluded_lines": [], "start_line": 770}, "AppState.report_circuit_result": {"executed_lines": [781], "summary": {"covered_lines": 1, "num_statements": 1, "percent_covered": 100.0, "percent_covered_display": "100", "missing_lines": 0, "excluded_lines": 0, "percent_statements_covered": 100.0, "percent_statements_covered_display": "100"}, "missing_lines": [], "excluded_lines": [], "start_line": 773}, "AppState.get_circuit_state": {"executed_lines": [], "summary": {"covered_lines": 0, "num_statements": 1, "percent_covered": 0.0, "percent_covered_display": "0", "missing_lines": 1, "excluded_lines": 0, "percent_statements_covered": 0.0, "percent_statements_covered_display": "0"}, "missing_lines": [784], "excluded_lines": [], "start_line": 783}, "AppState.set_syncing": {"executed_lines": [], "summary": {"covered_lines": 0, "num_statements": 1, "percent_covered": 0.0, "percent_covered_display": "0", "missing_lines": 1, "excluded_lines": 0, "percent_statements_covered": 0.0, "percent_statements_covered_display": "0"}, "missing_lines": [787], "excluded_lines": [], "start_line": 786}, "AppState.is_yf_rate_limited": {"executed_lines": [], "summary": {"covered_lines": 0, "num_statements": 1, "percent_covered": 0.0, "percent_covered_display": "0", "missing_lines": 1, "excluded_lines": 0, "percent_statements_covered": 0.0, "percent_statements_covered_display": "0"}, "missing_lines": [790], "excluded_lines": [], "start_line": 789}, "AppState.mark_yf_429": {"executed_lines": [], "summary": {"covered_lines": 0, "num_statements": 1, "percent_covered": 0.0, "percent_covered_display": "0", "missing_lines": 1, "excluded_lines": 0, "percent_statements_covered": 0.0, "percent_statements_covered_display": "0"}, "missing_lines": [793], "excluded_lines": [], "start_line": 792}, "AppState.add_chat_history": {"executed_lines": [], "summary": {"covered_lines": 0, "num_statements": 1, "percent_covered": 0.0, "percent_covered_display": "0", "missing_lines": 1, "excluded_lines": 0, "percent_statements_covered": 0.0, "percent_statements_covered_display": "0"}, "missing_lines": [796], "excluded_lines": [], "start_line": 795}, "AppState.mark_mistral_429": {"executed_lines": [], "summary": {"covered_lines": 0, "num_statements": 1, "percent_covered": 0.0, "percent_covered_display": "0", "missing_lines": 1, "excluded_lines": 0, "percent_statements_covered": 0.0, "percent_statements_covered_display": "0"}, "missing_lines": [799], "excluded_lines": [], "start_line": 798}, "AppState.reset_mistral_streak": {"executed_lines": [], "summary": {"covered_lines": 0, "num_statements": 1, "percent_covered": 0.0, "percent_covered_display": "0", "missing_lines": 1, "excluded_lines": 0, "percent_statements_covered": 0.0, "percent_statements_covered_display": "0"}, "missing_lines": [802], "excluded_lines": [], "start_line": 801}, "AppState.get_or_create_mistral_client": {"executed_lines": [], "summary": {"covered_lines": 0, "num_statements": 1, "percent_covered": 0.0, "percent_covered_display": "0", "missing_lines": 1, "excluded_lines": 0, "percent_statements_covered": 0.0, "percent_statements_covered_display": "0"}, "missing_lines": [805], "excluded_lines": [], "start_line": 804}, "AppState.shutdown_executors": {"executed_lines": [809, 812, 813, 818, 819, 822, 823, 829, 831], "summary": {"covered_lines": 9, "num_statements": 19, "percent_covered": 47.36842105263158, "percent_covered_display": "47", "missing_lines": 10, "excluded_lines": 0, "percent_statements_covered": 47.36842105263158, "percent_statements_covered_display": "47"}, "missing_lines": [814, 815, 824, 825, 826, 827, 828, 833, 834, 835], "excluded_lines": [], "start_line": 807}, "AppState.get_or_create_shutdown_token": {"executed_lines": [838], "summary": {"covered_lines": 1, "num_statements": 1, "percent_covered": 100.0, "percent_covered_display": "100", "missing_lines": 0, "excluded_lines": 0, "percent_statements_covered": 100.0, "percent_statements_covered_display": "100"}, "missing_lines": [], "excluded_lines": [], "start_line": 837}, "AppState.consume_shutdown_token": {"executed_lines": [841], "summary": {"covered_lines": 1, "num_statements": 1, "percent_covered": 100.0, "percent_covered_display": "100", "missing_lines": 0, "excluded_lines": 0, "percent_statements_covered": 100.0, "percent_statements_covered_display": "100"}, "missing_lines": [], "excluded_lines": [], "start_line": 840}, "AppState.rotate_shutdown_token": {"executed_lines": [844], "summary": {"covered_lines": 1, "num_statements": 1, "percent_covered": 100.0, "percent_covered_display": "100", "missing_lines": 0, "excluded_lines": 0, "percent_statements_covered": 100.0, "percent_statements_covered_display": "100"}, "missing_lines": [], "excluded_lines": [], "start_line": 843}, "AppState.record_hit": {"executed_lines": [], "summary": {"covered_lines": 0, "num_statements": 1, "percent_covered": 0.0, "percent_covered_display": "0", "missing_lines": 1, "excluded_lines": 0, "percent_statements_covered": 0.0, "percent_statements_covered_display": "0"}, "missing_lines": [847], "excluded_lines": [], "start_line": 846}, "AppState.record_miss": {"executed_lines": [], "summary": {"covered_lines": 0, "num_statements": 1, "percent_covered": 0.0, "percent_covered_display": "0", "missing_lines": 1, "excluded_lines": 0, "percent_statements_covered": 0.0, "percent_statements_covered_display": "0"}, "missing_lines": [850], "excluded_lines": [], "start_line": 849}, "AppState.get_stats": {"executed_lines": [], "summary": {"covered_lines": 0, "num_statements": 1, "percent_covered": 0.0, "percent_covered_display": "0", "missing_lines": 1, "excluded_lines": 0, "percent_statements_covered": 0.0, "percent_statements_covered_display": "0"}, "missing_lines": [853], "excluded_lines": [], "start_line": 852}, "AppState.reset_stats": {"executed_lines": [], "summary": {"covered_lines": 0, "num_statements": 1, "percent_covered": 0.0, "percent_covered_display": "0", "missing_lines": 1, "excluded_lines": 0, "percent_statements_covered": 0.0, "percent_statements_covered_display": "0"}, "missing_lines": [856], "excluded_lines": [], "start_line": 855}, "": {"executed_lines": [4, 5, 6, 7, 8, 9, 10, 11, 12, 14, 16, 17, 18, 19, 21, 26, 27, 28, 37, 46, 47, 49, 54, 57, 58, 60, 67, 80, 84, 160, 183, 194, 201, 207, 222, 229, 242, 243, 247, 256, 257, 272, 275, 282, 308, 315, 363, 378, 420, 439, 444, 449, 455, 460, 479, 482, 505, 514, 527, 533, 549, 552, 556, 567, 575, 597, 598, 605, 611, 616, 624, 667, 686, 707, 726, 762, 765, 770, 773, 783, 786, 789, 792, 795, 798, 801, 804, 807, 837, 840, 843, 846, 849, 852, 855, 860], "summary": {"covered_lines": 96, "num_statements": 101, "percent_covered": 95.04950495049505, "percent_covered_display": "95", "missing_lines": 5, "excluded_lines": 0, "percent_statements_covered": 95.04950495049505, "percent_statements_covered_display": "95"}, "missing_lines": [29, 30, 33, 50, 51], "excluded_lines": [], "start_line": 1}}, "classes": {"YFinanceSessionManager": {"executed_lines": [61, 62, 63, 64, 65, 68, 69, 70, 71, 72, 73, 74, 75, 76, 77, 78, 81, 82, 86, 88, 94, 105, 107, 109, 110, 111, 112, 113, 114, 115, 116, 118, 120, 121, 125, 126, 130, 131, 132, 133, 134, 136, 137, 139, 140, 141, 145, 146, 147, 148, 151, 153, 156, 157, 158, 161, 162, 163, 164, 165, 167, 168, 169, 170, 172, 173, 176, 178, 179, 180, 181, 184, 185, 186, 187, 188, 196, 197, 198, 199, 209, 210, 211, 212, 215, 216, 217, 218, 219], "summary": {"covered_lines": 89, "num_statements": 103, "percent_covered": 86.40776699029126, "percent_covered_display": "86", "missing_lines": 14, "excluded_lines": 0, "percent_statements_covered": 86.40776699029126, "percent_statements_covered_display": "86"}, "missing_lines": [90, 92, 142, 143, 144, 149, 150, 174, 175, 203, 204, 205, 213, 214], "excluded_lines": [], "start_line": 54}, "YFinanceSessionManager._create_session.custom_request.FakeResp": {"executed_lines": [], "summary": {"covered_lines": 0, "num_statements": 1, "percent_covered": 0.0, "percent_covered_display": "0", "missing_lines": 1, "excluded_lines": 0, "percent_statements_covered": 0.0, "percent_statements_covered_display": "0"}, "missing_lines": [135], "excluded_lines": [], "start_line": 131}, "BackendLogFilter": {"executed_lines": [244, 245, 248, 249, 250, 252, 253], "summary": {"covered_lines": 7, "num_statements": 8, "percent_covered": 87.5, "percent_covered_display": "88", "missing_lines": 1, "excluded_lines": 0, "percent_statements_covered": 87.5, "percent_statements_covered_display": "88"}, "missing_lines": [251], "excluded_lines": [], "start_line": 242}, "PollingFilter": {"executed_lines": [], "summary": {"covered_lines": 0, "num_statements": 4, "percent_covered": 0.0, "percent_covered_display": "0", "missing_lines": 4, "excluded_lines": 0, "percent_statements_covered": 0.0, "percent_statements_covered_display": "0"}, "missing_lines": [258, 259, 262, 263], "excluded_lines": [], "start_line": 256}, "ExecutionState": {"executed_lines": [276, 277, 278, 279, 280, 289, 290, 295, 296, 300], "summary": {"covered_lines": 10, "num_statements": 17, "percent_covered": 58.8235294117647, "percent_covered_display": "59", "missing_lines": 7, "excluded_lines": 0, "percent_statements_covered": 58.8235294117647, "percent_statements_covered_display": "59"}, "missing_lines": [297, 298, 301, 302, 303, 304, 305], "excluded_lines": [], "start_line": 272}, "MarketDataState": {"executed_lines": [316, 317, 318, 319, 320, 321, 322, 325, 326, 327, 328, 329, 330, 331, 332, 333, 334, 335, 336, 337, 340, 341, 342, 343, 344, 345, 346, 347, 348, 351, 353, 354, 357, 361, 387, 388, 389, 390, 396, 401, 404, 405, 406, 407, 409, 410, 411, 412, 414, 415, 416, 417, 418, 422, 423, 424, 429, 430, 432, 433, 434, 435, 436, 437, 446, 447], "summary": {"covered_lines": 66, "num_statements": 92, "percent_covered": 71.73913043478261, "percent_covered_display": "72", "missing_lines": 26, "excluded_lines": 0, "percent_statements_covered": 71.73913043478261, "percent_statements_covered_display": "72"}, "missing_lines": [323, 324, 365, 366, 367, 368, 373, 374, 402, 441, 442, 451, 452, 453, 457, 458, 462, 463, 464, 465, 469, 470, 471, 472, 473, 476], "excluded_lines": [], "start_line": 308}, "AIState": {"executed_lines": [483, 484, 485, 486, 487, 488, 489, 490, 491, 493, 494, 495, 496, 498, 499, 501, 502, 503, 529, 530, 531], "summary": {"covered_lines": 21, "num_statements": 47, "percent_covered": 44.680851063829785, "percent_covered_display": "45", "missing_lines": 26, "excluded_lines": 0, "percent_statements_covered": 44.680851063829785, "percent_statements_covered_display": "45"}, "missing_lines": [507, 508, 509, 510, 511, 512, 516, 517, 518, 519, 520, 521, 522, 523, 524, 525, 535, 536, 537, 538, 539, 541, 543, 544, 545, 546], "excluded_lines": [], "start_line": 479}, "MessageAnnouncer": {"executed_lines": [553, 554, 607, 608], "summary": {"covered_lines": 4, "num_statements": 35, "percent_covered": 11.428571428571429, "percent_covered_display": "11", "missing_lines": 31, "excluded_lines": 0, "percent_statements_covered": 11.428571428571429, "percent_statements_covered_display": "11"}, "missing_lines": [558, 560, 561, 562, 563, 564, 565, 569, 570, 571, 572, 573, 577, 579, 580, 582, 583, 584, 585, 586, 587, 588, 589, 590, 591, 592, 593, 599, 600, 601, 603], "excluded_lines": [], "start_line": 549}, "ShutdownTokenManager": {"executed_lines": [617, 618, 619, 620, 621, 622, 625, 628, 629, 632, 633, 653, 654, 655, 656, 657, 658, 659, 660, 661, 662, 665, 668, 672, 673, 674, 676, 679, 680, 681, 683, 684, 687, 688, 689, 690, 691, 693, 694, 695, 696, 698, 699], "summary": {"covered_lines": 43, "num_statements": 69, "percent_covered": 62.31884057971015, "percent_covered_display": "62", "missing_lines": 26, "excluded_lines": 0, "percent_statements_covered": 62.31884057971015, "percent_statements_covered_display": "62"}, "missing_lines": [626, 630, 634, 635, 636, 637, 638, 639, 640, 641, 642, 645, 646, 647, 648, 649, 650, 651, 663, 664, 669, 670, 677, 697, 700, 701], "excluded_lines": [], "start_line": 611}, "AppState": {"executed_lines": [727, 728, 729, 730, 731, 732, 733, 735, 736, 740, 741, 742, 748, 754, 755, 756, 757, 758, 759, 760, 763, 771, 781, 809, 812, 813, 818, 819, 822, 823, 829, 831, 838, 841, 844], "summary": {"covered_lines": 35, "num_statements": 58, "percent_covered": 60.3448275862069, "percent_covered_display": "60", "missing_lines": 23, "excluded_lines": 0, "percent_statements_covered": 60.3448275862069, "percent_statements_covered_display": "60"}, "missing_lines": [766, 784, 787, 790, 793, 796, 799, 802, 805, 814, 815, 824, 825, 826, 827, 828, 833, 834, 835, 847, 850, 853, 856], "excluded_lines": [], "start_line": 707}, "": {"executed_lines": [4, 5, 6, 7, 8, 9, 10, 11, 12, 14, 16, 17, 18, 19, 21, 26, 27, 28, 37, 46, 47, 49, 54, 57, 58, 60, 67, 80, 84, 160, 183, 194, 201, 207, 222, 229, 242, 243, 247, 256, 257, 272, 275, 282, 308, 315, 363, 378, 420, 439, 444, 449, 455, 460, 479, 482, 505, 514, 527, 533, 549, 552, 556, 567, 575, 597, 598, 605, 611, 616, 624, 667, 686, 707, 726, 762, 765, 770, 773, 783, 786, 789, 792, 795, 798, 801, 804, 807, 837, 840, 843, 846, 849, 852, 855, 860], "summary": {"covered_lines": 96, "num_statements": 101, "percent_covered": 95.04950495049505, "percent_covered_display": "95", "missing_lines": 5, "excluded_lines": 0, "percent_statements_covered": 95.04950495049505, "percent_statements_covered_display": "95"}, "missing_lines": [29, 30, 33, 50, 51], "excluded_lines": [], "start_line": 1}}}, "config_store.py": {"executed_lines": [7, 8, 9, 10, 11, 12, 13, 14, 15, 17, 19, 22, 23, 24, 26, 35, 55, 57, 58, 60, 61, 66, 67, 68, 69, 70, 71, 73, 74, 75, 77, 104, 106, 107, 108, 109, 110, 114, 115, 116, 117, 118, 120, 121, 123, 124, 125, 126, 127, 128, 129, 130, 138, 141, 142, 143, 144, 145, 148, 149, 161, 187, 188, 189], "summary": {"covered_lines": 64, "num_statements": 115, "percent_covered": 55.65217391304348, "percent_covered_display": "56", "missing_lines": 51, "excluded_lines": 0, "percent_statements_covered": 55.65217391304348, "percent_statements_covered_display": "56"}, "missing_lines": [37, 39, 43, 44, 45, 46, 47, 48, 49, 50, 51, 52, 62, 63, 64, 76, 78, 79, 82, 83, 84, 88, 89, 90, 95, 101, 111, 131, 132, 135, 136, 150, 151, 157, 158, 159, 160, 162, 163, 169, 170, 171, 172, 173, 174, 175, 176, 177, 184, 190, 191], "excluded_lines": [], "functions": {"_rotate_corrupt_backups": {"executed_lines": [], "summary": {"covered_lines": 0, "num_statements": 12, "percent_covered": 0.0, "percent_covered_display": "0", "missing_lines": 12, "excluded_lines": 0, "percent_statements_covered": 0.0, "percent_statements_covered_display": "0"}, "missing_lines": [37, 39, 43, 44, 45, 46, 47, 48, 49, 50, 51, 52], "excluded_lines": [], "start_line": 35}, "load_config": {"executed_lines": [57, 58, 60, 61, 66, 67, 68, 69, 70, 71, 73, 74, 75, 77], "summary": {"covered_lines": 14, "num_statements": 28, "percent_covered": 50.0, "percent_covered_display": "50", "missing_lines": 14, "excluded_lines": 0, "percent_statements_covered": 50.0, "percent_statements_covered_display": "50"}, "missing_lines": [62, 63, 64, 76, 78, 79, 82, 83, 84, 88, 89, 90, 95, 101], "excluded_lines": [], "start_line": 55}, "save_config": {"executed_lines": [106, 107, 108, 109, 110, 114, 115, 116, 117, 118, 120, 121, 123, 124, 125, 126, 127, 128, 129, 130, 138, 141, 142, 143, 144, 145, 148, 149, 16
[...]
ines": [], "start_line": 12}, "normalize_symbol": {"executed_lines": [20, 22, 23, 24], "summary": {"covered_lines": 4, "num_statements": 5, "percent_covered": 80.0, "percent_covered_display": "80", "missing_lines": 1, "excluded_lines": 0, "percent_statements_covered": 80.0, "percent_statements_covered_display": "80"}, "missing_lines": [21], "excluded_lines": [], "start_line": 18}, "normalize_text": {"executed_lines": [29, 30, 31], "summary": {"covered_lines": 3, "num_statements": 3, "percent_covered": 100.0, "percent_covered_display": "100", "missing_lines": 0, "excluded_lines": 0, "percent_statements_covered": 100.0, "percent_statements_covered_display": "100"}, "missing_lines": [], "excluded_lines": [], "start_line": 27}, "normalize_symbol_for_market": {"executed_lines": [36, 37, 38, 39], "summary": {"covered_lines": 4, "num_statements": 4, "percent_covered": 100.0, "percent_covered_display": "100", "missing_lines": 0, "excluded_lines": 0, "percent_statements_covered": 100.0, "percent_statements_covered_display": "100"}, "missing_lines": [], "excluded_lines": [], "start_line": 34}, "is_valid_symbol": {"executed_lines": [44, 46, 47, 48, 49, 50, 51, 53], "summary": {"covered_lines": 8, "num_statements": 10, "percent_covered": 80.0, "percent_covered_display": "80", "missing_lines": 2, "excluded_lines": 0, "percent_statements_covered": 80.0, "percent_statements_covered_display": "80"}, "missing_lines": [45, 52], "excluded_lines": [], "start_line": 42}, "normalize_optional_number": {"executed_lines": [58, 59, 61, 62, 64, 65, 66], "summary": {"covered_lines": 7, "num_statements": 9, "percent_covered": 77.77777777777777, "percent_covered_display": "78", "missing_lines": 2, "excluded_lines": 0, "percent_statements_covered": 77.77777777777777, "percent_statements_covered_display": "78"}, "missing_lines": [60, 63], "excluded_lines": [], "start_line": 56}, "_fmt": {"executed_lines": [71, 72, 73, 74], "summary": {"covered_lines": 4, "num_statements": 6, "percent_covered": 66.66666666666667, "percent_covered_display": "67", "missing_lines": 2, "excluded_lines": 0, "percent_statements_covered": 66.66666666666667, "percent_statements_covered_display": "67"}, "missing_lines": [75, 76], "excluded_lines": [], "start_line": 69}, "_fmt_vol": {"executed_lines": [81, 82, 84], "summary": {"covered_lines": 3, "num_statements": 6, "percent_covered": 50.0, "percent_covered_display": "50", "missing_lines": 3, "excluded_lines": 0, "percent_statements_covered": 50.0, "percent_statements_covered_display": "50"}, "missing_lines": [83, 85, 86], "excluded_lines": [], "start_line": 79}, "normalize_history_frame": {"executed_lines": [94, 95, 97, 104, 105, 106, 107, 108, 115, 121, 122], "summary": {"covered_lines": 11, "num_statements": 21, "percent_covered": 52.38095238095238, "percent_covered_display": "52", "missing_lines": 10, "excluded_lines": 0, "percent_statements_covered": 52.38095238095238, "percent_statements_covered_display": "52"}, "missing_lines": [98, 102, 109, 110, 113, 116, 119, 123, 124, 127], "excluded_lines": [], "start_line": 89}, "": {"executed_lines": [1, 2, 3, 4, 6, 8, 9, 12, 18, 27, 34, 42, 56, 69, 79, 89], "summary": {"covered_lines": 16, "num_statements": 16, "percent_covered": 100.0, "percent_covered_display": "100", "missing_lines": 0, "excluded_lines": 0, "percent_statements_covered": 100.0, "percent_statements_covered_display": "100"}, "missing_lines": [], "excluded_lines": [], "start_line": 1}}, "classes": {"": {"executed_lines": [1, 2, 3, 4, 6, 8, 9, 12, 14, 15, 18, 20, 22, 23, 24, 27, 29, 30, 31, 34, 36, 37, 38, 39, 42, 44, 46, 47, 48, 49, 50, 51, 53, 56, 58, 59, 61, 62, 64, 65, 66, 69, 71, 72, 73, 74, 79, 81, 82, 84, 89, 94, 95, 97, 104, 105, 106, 107, 108, 115, 121, 122], "summary": {"covered_lines": 62, "num_statements": 82, "percent_covered": 75.60975609756098, "percent_covered_display": "76", "missing_lines": 20, "excluded_lines": 0, "percent_statements_covered": 75.60975609756098, "percent_statements_covered_display": "76"}, "missing_lines": [21, 45, 52, 60, 63, 75, 76, 83, 85, 86, 98, 102, 109, 110, 113, 116, 119, 123, 124, 127], "excluded_lines": [], "start_line": 1}}}, "utils\\storage.py": {"executed_lines": [4, 5, 6, 7, 8, 10, 11, 12, 14, 16, 19, 21, 22, 23, 24, 25, 26, 28, 29, 31, 36, 37, 38, 50, 52, 53, 54, 55, 56, 61, 63, 64, 65, 71, 72, 74, 75, 76, 78, 80, 88], "summary": {"covered_lines": 41, "num_statements": 58, "percent_covered": 70.6896551724138, "percent_covered_display": "71", "missing_lines": 17, "excluded_lines": 0, "percent_statements_covered": 70.6896551724138, "percent_statements_covered_display": "71"}, "missing_lines": [27, 40, 42, 43, 44, 45, 46, 48, 51, 57, 58, 81, 82, 83, 84, 89, 90], "excluded_lines": [], "functions": {"load_user_stocks": {"executed_lines": [21, 22, 23, 24, 25, 26, 28, 29, 31, 36, 37, 38, 50, 52, 53, 54, 55, 56], "summary": {"covered_lines": 18, "num_statements": 29, "percent_covered": 62.06896551724138, "percent_covered_display": "62", "missing_lines": 11, "excluded_lines": 0, "percent_statements_covered": 62.06896551724138, "percent_statements_covered_display": "62"}, "missing_lines": [27, 40, 42, 43, 44, 45, 46, 48, 51, 57, 58], "excluded_lines": [], "start_line": 19}, "save_user_stocks": {"executed_lines": [63, 64, 65, 71, 72, 74, 75, 76, 78, 80, 88], "summary": {"covered_lines": 11, "num_statements": 17, "percent_covered": 64.70588235294117, "percent_covered_display": "65", "missing_lines": 6, "excluded_lines": 0, "percent_statements_covered": 64.70588235294117, "percent_statements_covered_display": "65"}, "missing_lines": [81, 82, 83, 84, 89, 90], "excluded_lines": [], "start_line": 61}, "": {"executed_lines": [4, 5, 6, 7, 8, 10, 11, 12, 14, 16, 19, 61], "summary": {"covered_lines": 12, "num_statements": 12, "percent_covered": 100.0, "percent_covered_display": "100", "missing_lines": 0, "excluded_lines": 0, "percent_statements_covered": 100.0, "percent_statements_covered_display": "100"}, "missing_lines": [], "excluded_lines": [], "start_line": 1}}, "classes": {"": {"executed_lines": [4, 5, 6, 7, 8, 10, 11, 12, 14, 16, 19, 21, 22, 23, 24, 25, 26, 28, 29, 31, 36, 37, 38, 50, 52, 53, 54, 55, 56, 61, 63, 64, 65, 71, 72, 74, 75, 76, 78, 80, 88], "summary": {"covered_lines": 41, "num_statements": 58, "percent_covered": 70.6896551724138, "percent_covered_display": "71", "missing_lines": 17, "excluded_lines": 0, "percent_statements_covered": 70.6896551724138, "percent_statements_covered_display": "71"}, "missing_lines": [27, 40, 42, 43, 44, 45, 46, 48, 51, 57, 58, 81, 82, 83, 84, 89, 90], "excluded_lines": [], "start_line": 1}}}, "utils\\threading.py": {"executed_lines": [8, 9, 10, 12, 15, 24, 27, 29, 42, 43, 44, 45, 46, 47, 48, 49, 51, 52, 53, 54, 62, 69, 70], "summary": {"covered_lines": 23, "num_statements": 32, "percent_covered": 71.875, "percent_covered_display": "72", "missing_lines": 9, "excluded_lines": 0, "percent_statements_covered": 71.875, "percent_statements_covered_display": "72"}, "missing_lines": [30, 31, 33, 34, 35, 40, 55, 66, 67], "excluded_lines": [], "functions": {"DaemonThreadPoolExecutor._get_executor_threads": {"executed_lines": [27, 29], "summary": {"covered_lines": 2, "num_statements": 8, "percent_covered": 25.0, "percent_covered_display": "25", "missing_lines": 6, "excluded_lines": 0, "percent_statements_covered": 25.0, "percent_statements_covered_display": "25"}, "missing_lines": [30, 31, 33, 34, 35, 40], "excluded_lines": [], "start_line": 24}, "DaemonThreadPoolExecutor.submit": {"executed_lines": [43, 44, 45, 46, 47, 48, 49, 51, 69, 70], "summary": {"covered_lines": 10, "num_statements": 10, "percent_covered": 100.0, "percent_covered_display": "100", "missing_lines": 0, "excluded_lines": 0, "percent_statements_covered": 100.0, "percent_statements_covered_display": "100"}, "missing_lines": [], "excluded_lines": [], "start_line": 42}, "DaemonThreadPoolExecutor.submit._done_callback": {"executed_lines": [52, 53, 54, 62], "summary": {"covered_lines": 4, "num_statements": 7, "percent_covered": 57.142857142857146, "percent_covered_display": "57", "missing_lines": 3, "excluded_lines": 0, "percent_statements_covered": 57.142857142857146, "percent_statements_covered_display": "57"}, "missing_lines": [55, 66, 67], "excluded_lines": [], "start_line": 51}, "": {"executed_lines": [8, 9, 10, 12, 15, 24, 42], "summary": {"covered_lines": 7, "num_statements": 7, "percent_covered": 100.0, "percent_covered_display": "100", "missing_lines": 0, "excluded_lines": 0, "percent_statements_covered": 100.0, "percent_statements_covered_display": "100"}, "missing_lines": [], "excluded_lines": [], "start_line": 1}}, "classes": {"DaemonThreadPoolExecutor": {"executed_lines": [27, 29, 43, 44, 45, 46, 47, 48, 49, 51, 52, 53, 54, 62, 69, 70], "summary": {"covered_lines": 16, "num_statements": 25, "percent_covered": 64.0, "percent_covered_display": "64", "missing_lines": 9, "excluded_lines": 0, "percent_statements_covered": 64.0, "percent_statements_covered_display": "64"}, "missing_lines": [30, 31, 33, 34, 35, 40, 55, 66, 67], "excluded_lines": [], "start_line": 15}, "": {"executed_lines": [8, 9, 10, 12, 15, 24, 42], "summary": {"covered_lines": 7, "num_statements": 7, "percent_covered": 100.0, "percent_covered_display": "100", "missing_lines": 0, "excluded_lines": 0, "percent_statements_covered": 100.0, "percent_statements_covered_display": "100"}, "missing_lines": [], "excluded_lines": [], "start_line": 1}}}, "utils\\validators.py": {"executed_lines": [7, 8, 9, 10, 12, 14, 20, 23, 27, 30, 31, 32, 35, 38, 42, 43, 44, 45, 48, 49, 52, 55, 58, 61, 65, 72, 74, 75, 76, 78, 80, 82, 83, 86, 87, 88, 89, 94, 95, 96, 97, 102, 103, 104, 105, 109, 110, 115, 118, 120, 121, 122, 129, 130, 131, 132, 133, 134, 135, 141, 148, 151, 154, 161, 162, 163, 164, 165, 166, 167, 168, 171, 173, 184, 185, 186, 187, 191, 192, 196, 201, 202, 203, 204, 205, 210, 211, 212, 213, 218, 219, 221, 228, 229, 230, 235, 236, 237, 241, 242, 248, 250, 251, 252, 253, 256, 257, 262, 265, 268, 270, 310, 311, 312, 321, 323, 326, 329, 330, 331, 332, 334, 335, 363, 370, 371, 372, 373, 374, 376, 377, 378, 379, 380, 382, 383, 384, 389, 390, 391, 392, 393, 394, 398, 399, 400, 401, 402, 403, 405, 406, 408, 410, 411, 412, 413, 414, 415, 416, 417, 418, 419, 420, 421, 424, 427, 432, 434, 435, 436, 437, 438, 442, 443, 444, 446, 447, 448, 449, 450, 451, 452, 453, 454, 458, 459, 461, 466, 468, 469, 482, 483, 484, 486, 487, 488, 489, 491, 494, 500, 501, 504, 505, 506, 509, 510, 511, 512, 513, 514, 515, 517, 518, 519, 522, 525, 527, 528, 529, 530, 532, 533, 534, 535, 537, 539, 540, 541, 542, 545, 549, 553, 554, 564, 567], "summary": {"covered_lines": 235, "num_statements": 310, "percent_covered": 75.80645161290323, "percent_covered_display": "76", "missing_lines": 75, "excluded_lines": 0, "percent_statements_covered": 75.80645161290323, "percent_statements_covered_display": "76"}, "missing_lines": [79, 106, 111, 136, 137, 138, 140, 142, 143, 144, 146, 150, 169, 189, 207, 215, 231, 232, 259, 260, 261, 264, 267, 273, 277, 279, 280, 283, 285, 286, 287, 288, 289, 292, 293, 294, 295, 296, 297, 300, 304, 305, 314, 318, 336, 337, 340, 341, 345, 348, 352, 354, 355, 360, 385, 386, 395, 407, 409, 433, 455, 456, 460, 520, 546, 547, 550, 551, 555, 556, 557, 560, 561, 562, 565], "excluded_lines": [], "functions": {"PortfolioInputSchema.reject_boolean_numeric": {"executed_lines": [78, 80], "summary": {"covered_lines": 2, "num_statements": 3, "percent_covered": 66.66666666666667, "percent_covered_display": "67", "missing_lines": 1, "excluded_lines": 0, "percent_statements_covered": 66.66666666666667, "percent_statements_covered_display": "67"}, "missing_lines": [79], "excluded_lines": [], "start_line": 76}, "PortfolioInputSchema.validate_bounds_and_total": {"executed_lines": [86, 87, 88, 89, 94, 95, 96, 97, 102, 103, 104, 105, 109, 110, 115], "summary": {"covered_lines": 15, "num_statements": 17, "percent_covered": 88.23529411764706, "percent_covered_display": "88", "missing_lines": 2, "excluded_lines": 0, "percent_statements_covered": 88.23529411764706, "percent_statements_covered_display": "88"}, "missing_lines": [106, 111], "excluded_lines": [], "start_line": 83}, "validate_portfolio_input": {"executed_lines": [120, 121, 122, 129, 130, 131, 132, 133, 134, 135, 141, 148, 151], "summary": {"covered_lines": 13, "num_statements": 22, "percent_covered": 59.09090909090909, "percent_covered_display": "59", "missing_lines": 9, "excluded_lines": 0, "percent_statements_covered": 59.09090909090909, "percent_statements_covered_display": "59"}, "missing_lines": [136, 137, 138, 140, 142, 143, 144, 146, 150], "excluded_lines": [], "start_line": 118}, "extract_chat_content": {"executed_lines": [161, 162, 163, 164, 165, 166, 167, 168, 171, 173, 184, 185, 186, 187, 191, 192, 196, 201, 202, 203, 204, 205, 210, 211, 212, 213, 218, 219, 221, 228, 229, 230, 235, 236, 237, 241, 242, 248, 250, 251, 252, 253, 256, 257, 262, 265, 268, 270, 310, 311, 312, 321, 323, 326, 329, 330, 331, 332, 334, 335], "summary": {"covered_lines": 60, "num_statements": 102, "percent_covered": 58.8235294117647, "percent_covered_display": "59", "missing_lines": 42, "excluded_lines": 0, "percent_statements_covered": 58.8235294117647, "percent_statements_covered_display": "59"}, "missing_lines": [169, 189, 207, 215, 231, 232, 259, 260, 261, 264, 267, 273, 277, 279, 280, 283, 285, 286, 287, 288, 289, 292, 293, 294, 295, 296, 297, 300, 304, 305, 314, 318, 336, 337, 340, 341, 345, 348, 352, 354, 355, 360], "excluded_lines": [], "start_line": 154}, "extract_json_payload": {"executed_lines": [370, 371, 372, 373, 374, 376, 389, 390, 391, 392, 393, 394, 398, 399, 400, 401, 402, 403, 405, 406, 408, 410, 411, 412, 413, 414, 415, 416, 417, 418, 419, 420, 421, 424, 427, 432, 434, 435, 436, 437, 438, 442, 443, 444, 446, 447, 448, 449, 450, 451, 452, 453, 454, 458, 459, 461], "summary": {"covered_lines": 56, "num_statements": 63, "percent_covered": 88.88888888888889, "percent_covered_display": "89", "missing_lines": 7, "excluded_lines": 0, "percent_statements_covered": 88.88888888888889, "percent_statements_covered_display": "89"}, "missing_lines": [395, 407, 409, 433, 455, 456, 460], "excluded_lines": [], "start_line": 363}, "extract_json_payload._try_json_parse": {"executed_lines": [377, 378, 379, 380, 382, 383, 384], "summary": {"covered_lines": 7, "num_statements": 9, "percent_covered": 77.77777777777777, "percent_covered_display": "78", "missing_lines": 2, "excluded_lines": 0, "percent_statements_covered": 77.77777777777777, "percent_statements_covered_display": "78"}, "missing_lines": [385, 386], "excluded_lines": [], "start_line": 376}, "normalize_analysis_result": {"executed_lines": [468, 469, 482, 483, 484, 486, 487, 488, 489, 491], "summary": {"covered_lines": 10, "num_statements": 10, "percent_covered": 100.0, "percent_covered_display": "100", "missing_lines": 0, "excluded_lines": 0, "percent_statements_covered": 100.0, "percent_statements_covered_display": "100"}, "missing_lines": [], "excluded_lines": [], "start_line": 466}, "validate_analysis_result": {"executed_lines": [500, 501, 504, 505, 506, 509, 510, 511, 512, 513, 514, 515, 517, 518, 519, 522], "summary": {"covered_lines": 16, "num_statements": 17, "percent_covered": 94.11764705882354, "percent_covered_display": "94", "missing_lines": 1, "excluded_lines": 0, "percent_statements_covered": 94.11764705882354, "percent_statements_covered_display": "94"}, "missing_lines": [520], "excluded_lines": [], "start_line": 494}, "safe_parse_analysis_result": {"executed_lines": [527, 528, 529, 530, 532, 533, 534, 535, 537, 539, 540, 541, 542, 545, 549, 553, 554, 564, 567], "summary": {"covered_lines": 19, "num_statements": 30, "percent_covered": 63.333333333333336, "percent_covered_display": "63", "missing_lines": 11, "excluded_lines": 0, "percent_statements_covered": 63.333333333333336, "percent_statements_covered_display": "63"}, "missing_lines": [546, 547, 550, 551, 555, 556, 557, 560, 561, 562, 565], "excluded_lines": [], "start_line": 525}, "": {"executed_lines": [7, 8, 9, 10, 12, 14, 20, 23, 27, 30, 31, 32, 35, 38, 42, 43, 44, 45, 48, 49, 52, 55, 58, 61, 65, 72, 74, 75, 76, 82, 83, 118, 154, 363, 466, 494, 525], "summary": {"covered_lines": 37, "num_statements": 37, "percent_covered": 100.0, "percent_covered_display": "100", "missing_lines": 0, "excluded_lines": 0, "percent_statements_covered": 100.0, "percent_statements_covered_display": "100"}, "missing_lines": [], "excluded_lines": [], "start_line": 1}}, "classes": {"MnsValidationError": {"executed_lines": [], "summary": {"covered_lines": 0, "num_statements": 0, "percent_covered": 100.0, "percent_covered_display": "100", "missing_lines": 0, "excluded_lines": 0, "percent_statements_covered": 100.0, "percent_statements_covered_display": "100"}, "missing_lines": [], "excluded_lines": [], "start_line": 23}, "NewsSummaryModel": {"executed_lines": [], "summary": {"covered_lines": 0, "num_statements": 0, "percent_covered": 100.0, "percent_covered_display": "100", "missing_lines": 0, "excluded_lines": 0, "percent_statements_covered": 100.0, "percent_statements_covered_display": "100"}, "missing_lines": [], "excluded_lines": [], "start_line": 27}, "StockAnalysis": {"executed_lines": [], "summary": {"covered_lines": 0, "num_statements": 0, "percent_covered": 100.0, "percent_covered_display": "100", "missing_lines": 0, "excluded_lines": 0, "percent_statements_covered": 100.0, "percent_statements_covered_display": "100"}, "missing_lines": [], "excluded_lines": [], "start_line": 35}, "PortfolioInputSchema": {"executed_lines": [78, 80, 86, 87, 88, 89, 94, 95, 96, 97, 102, 103, 104, 105, 109, 110, 115], "summary": {"covered_lines": 17, "num_statements": 20, "percent_covered": 85.0, "percent_covered_display": "85", "missing_lines": 3, "excluded_lines": 0, "percent_statements_covered": 85.0, "percent_statements_covered_display": "85"}, "missing_lines": [79, 106, 111], "excluded_lines": [], "start_line": 65}, "": {"executed_lines": [7, 8, 9, 10, 12, 14, 20, 23, 27, 30, 31, 32, 35, 38, 42, 43, 44, 45, 48, 49, 52, 55, 58, 61, 65, 72, 74, 75, 76, 82, 83, 118, 120, 121, 122, 129, 130, 131, 132, 133, 134, 135, 141, 148, 151, 154, 161, 162, 163, 164, 165, 166, 167, 168, 171, 173, 184, 185, 186, 187, 191, 192, 196, 201, 202, 203, 204, 205, 210, 211, 212, 213, 218, 219, 221, 228, 229, 230, 235, 236, 237, 241, 242, 248, 250, 251, 252, 253, 256, 257, 262, 265, 268, 270, 310, 311, 312, 321, 323, 326, 329, 330, 331, 332, 334, 335, 363, 370, 371, 372, 373, 374, 376, 377, 378, 379, 380, 382, 383, 384, 389, 390, 391, 392, 393, 394, 398, 399, 400, 401, 402, 403, 405, 406, 408, 410, 411, 412, 413, 414, 415, 416, 417, 418, 419, 420, 421, 424, 427, 432, 434, 435, 436, 437, 438, 442, 443, 444, 446, 447, 448, 449, 450, 451, 452, 453, 454, 458, 459, 461, 466, 468, 469, 482, 483, 484, 486, 487, 488, 489, 491, 494, 500, 501, 504, 505, 506, 509, 510, 511, 512, 513, 514, 515, 517, 518, 519, 522, 525, 527, 528, 529, 530, 532, 533, 534, 535, 537, 539, 540, 541, 542, 545, 549, 553, 554, 564, 567], "summary": {"covered_lines": 218, "num_statements": 290, "percent_covered": 75.17241379310344, "percent_covered_display": "75", "missing_lines": 72, "excluded_lines": 0, "percent_statements_covered": 75.17241379310344, "percent_statements_covered_display": "75"}, "missing_lines": [136, 137, 138, 140, 142, 143, 144, 146, 150, 169, 189, 207, 215, 231, 232, 259, 260, 261, 264, 267, 273, 277, 279, 280, 283, 285, 286, 287, 288, 289, 292, 293, 294, 295, 296, 297, 300, 304, 305, 314, 318, 336, 337, 340, 341, 345, 348, 352, 354, 355, 360, 385, 386, 395, 407, 409, 433, 455, 456, 460, 520, 546, 547, 550, 551, 555, 556, 557, 560, 561, 562, 565], "excluded_lines": [], "start_line": 1}}}}, "totals": {"covered_lines": 4343, "num_statements": 6674, "percent_covered": 65.07341923883727, "percent_covered_display": "65", "missing_lines": 2331, "excluded_lines": 108, "percent_statements_covered": 65.07341923883727, "percent_statements_covered_display": "65"}}